2023-03-07 11:17:30.467 [ INFO] Asynchronous mode set
2023-03-07 11:17:30.469 [ INFO] Authenticating user gfranz for service http://nrt.cmems-du.eu/motu-web/Motu
2023-03-07 11:17:35.358 [ INFO] Requesting file to download (this can take a while)...
2023-03-07 11:17:42.976 [ INFO] Authenticating user gfranz for service https://nrt.cmems-du.eu/motu-web/Motu
2023-03-07 11:17:54.873 [ INFO] The product is ready for download
2023-03-07 11:17:54.873 [ INFO] Downloading file (this can take a while)...
2023-03-07 11:17:55.862 [ INFO] File type: application/x-netcdf
2023-03-07 11:17:55.862 [ INFO] File size: 225.1 kB (225056 B)
2023-03-07 11:17:55.862 [ INFO] Downloading file C:\Aplica_New\CMEMS\GLOBAL_ANALYSISFORECAST_PHY\CMEMS_Download\CMEMS_zos.nc
2023-03-07 11:17:56.347 [ INFO] - 225.1 kB (29.1%)
2023-03-07 11:17:56.579 [ INFO] - 225.1 kB (58.2%)
2023-03-07 11:17:56.579 [ INFO] - 225.1 kB (87.4%)
2023-03-07 11:17:56.827 [ INFO] - 225.1 kB (100.0%)
2023-03-07 11:17:56.827 [ INFO] Processing  time : 0:00:25.394181
2023-03-07 11:17:56.827 [ INFO] Downloading time : 0:00:00.965442
2023-03-07 11:17:56.827 [ INFO] Total time       : 0:00:26.359623
2023-03-07 11:17:56.827 [ INFO] Download rate    : 115.2 kB/s
2023-03-07 11:17:56.827 [ INFO] Done
2023-03-07 11:17:57.329 [ INFO] Asynchronous mode set
2023-03-07 11:17:57.329 [ INFO] Authenticating user gfranz for service http://nrt.cmems-du.eu/motu-web/Motu
2023-03-07 11:18:02.200 [ INFO] Requesting file to download (this can take a while)...
2023-03-07 11:18:09.634 [ INFO] Authenticating user gfranz for service https://nrt.cmems-du.eu/motu-web/Motu
2023-03-07 11:18:22.593 [ INFO] The product is ready for download
2023-03-07 11:18:22.593 [ INFO] Downloading file (this can take a while)...
2023-03-07 11:18:23.580 [ INFO] File type: application/x-netcdf
2023-03-07 11:18:23.580 [ INFO] File size: 22.2 MB (22175480 B)
2023-03-07 11:18:23.580 [ INFO] Downloading file C:\Aplica_New\CMEMS\GLOBAL_ANALYSISFORECAST_PHY\CMEMS_Download\CMEMS_cur.nc
2023-03-07 11:18:25.234 [ INFO] -  22.2 MB (1.2%)
2023-03-07 11:18:26.180 [ INFO] -  22.2 MB (2.4%)
2023-03-07 11:18:27.353 [ INFO] -  22.2 MB (3.5%)
2023-03-07 11:18:28.299 [ INFO] -  22.2 MB (4.7%)
2023-03-07 11:18:29.486 [ INFO] -  22.2 MB (5.9%)
2023-03-07 11:18:30.420 [ INFO] -  22.2 MB (7.1%)
2023-03-07 11:18:31.138 [ INFO] -  22.2 MB (8.3%)
2023-03-07 11:18:31.846 [ INFO] -  22.2 MB (9.5%)
2023-03-07 11:18:32.319 [ INFO] -  22.2 MB (10.6%)
2023-03-07 11:18:32.782 [ INFO] -  22.2 MB (11.8%)
2023-03-07 11:18:33.252 [ INFO] -  22.2 MB (13.0%)
2023-03-07 11:18:33.500 [ INFO] -  22.2 MB (14.2%)
2023-03-07 11:18:33.738 [ INFO] -  22.2 MB (15.4%)
2023-03-07 11:18:34.208 [ INFO] -  22.2 MB (16.5%)
2023-03-07 11:18:34.444 [ INFO] -  22.2 MB (17.7%)
2023-03-07 11:18:34.676 [ INFO] -  22.2 MB (18.9%)
2023-03-07 11:18:34.911 [ INFO] -  22.2 MB (20.1%)
2023-03-07 11:18:34.911 [ INFO] -  22.2 MB (21.3%)
2023-03-07 11:18:35.150 [ INFO] -  22.2 MB (22.5%)
2023-03-07 11:18:35.381 [ INFO] -  22.2 MB (23.6%)
2023-03-07 11:18:35.613 [ INFO] -  22.2 MB (24.8%)
2023-03-07 11:18:35.629 [ INFO] -  22.2 MB (26.0%)
2023-03-07 11:18:35.861 [ INFO] -  22.2 MB (27.2%)
2023-03-07 11:18:36.099 [ INFO] -  22.2 MB (28.4%)
2023-03-07 11:18:36.099 [ INFO] -  22.2 MB (29.6%)
2023-03-07 11:18:36.321 [ INFO] -  22.2 MB (30.7%)
2023-03-07 11:18:36.337 [ INFO] -  22.2 MB (31.9%)
2023-03-07 11:18:36.558 [ INFO] -  22.2 MB (33.1%)
2023-03-07 11:18:36.574 [ INFO] -  22.2 MB (34.3%)
2023-03-07 11:18:36.806 [ INFO] -  22.2 MB (35.5%)
2023-03-07 11:18:36.812 [ INFO] -  22.2 MB (36.6%)
2023-03-07 11:18:37.044 [ INFO] -  22.2 MB (37.8%)
2023-03-07 11:18:37.044 [ INFO] -  22.2 MB (39.0%)
2023-03-07 11:18:37.276 [ INFO] -  22.2 MB (40.2%)
2023-03-07 11:18:37.276 [ INFO] -  22.2 MB (41.4%)
2023-03-07 11:18:37.514 [ INFO] -  22.2 MB (42.6%)
2023-03-07 11:18:37.514 [ INFO] -  22.2 MB (43.7%)
2023-03-07 11:18:37.514 [ INFO] -  22.2 MB (44.9%)
2023-03-07 11:18:37.746 [ INFO] -  22.2 MB (46.1%)
2023-03-07 11:18:37.746 [ INFO] -  22.2 MB (47.3%)
2023-03-07 11:18:37.977 [ INFO] -  22.2 MB (48.5%)
2023-03-07 11:18:37.977 [ INFO] -  22.2 MB (49.6%)
2023-03-07 11:18:37.993 [ INFO] -  22.2 MB (50.8%)
2023-03-07 11:18:38.216 [ INFO] -  22.2 MB (52.0%)
2023-03-07 11:18:38.216 [ INFO] -  22.2 MB (53.2%)
2023-03-07 11:18:38.231 [ INFO] -  22.2 MB (54.4%)
2023-03-07 11:18:38.448 [ INFO] -  22.2 MB (55.6%)
2023-03-07 11:18:38.448 [ INFO] -  22.2 MB (56.7%)
2023-03-07 11:18:38.464 [ INFO] -  22.2 MB (57.9%)
2023-03-07 11:18:38.464 [ INFO] -  22.2 MB (59.1%)
2023-03-07 11:18:38.696 [ INFO] -  22.2 MB (60.3%)
2023-03-07 11:18:38.696 [ INFO] -  22.2 MB (61.5%)
2023-03-07 11:18:38.696 [ INFO] -  22.2 MB (62.7%)
2023-03-07 11:18:38.919 [ INFO] -  22.2 MB (63.8%)
2023-03-07 11:18:38.934 [ INFO] -  22.2 MB (65.0%)
2023-03-07 11:18:38.934 [ INFO] -  22.2 MB (66.2%)
2023-03-07 11:18:38.934 [ INFO] -  22.2 MB (67.4%)
2023-03-07 11:18:39.166 [ INFO] -  22.2 MB (68.6%)
2023-03-07 11:18:39.166 [ INFO] -  22.2 MB (69.7%)
2023-03-07 11:18:39.166 [ INFO] -  22.2 MB (70.9%)
2023-03-07 11:18:39.398 [ INFO] -  22.2 MB (72.1%)
2023-03-07 11:18:39.398 [ INFO] -  22.2 MB (73.3%)
2023-03-07 11:18:39.398 [ INFO] -  22.2 MB (74.5%)
2023-03-07 11:18:39.413 [ INFO] -  22.2 MB (75.7%)
2023-03-07 11:18:39.636 [ INFO] -  22.2 MB (76.8%)
2023-03-07 11:18:39.636 [ INFO] -  22.2 MB (78.0%)
2023-03-07 11:18:39.636 [ INFO] -  22.2 MB (79.2%)
2023-03-07 11:18:39.636 [ INFO] -  22.2 MB (80.4%)
2023-03-07 11:18:39.652 [ INFO] -  22.2 MB (81.6%)
2023-03-07 11:18:39.868 [ INFO] -  22.2 MB (82.7%)
2023-03-07 11:18:39.868 [ INFO] -  22.2 MB (83.9%)
2023-03-07 11:18:39.884 [ INFO] -  22.2 MB (85.1%)
2023-03-07 11:18:39.884 [ INFO] -  22.2 MB (86.3%)
2023-03-07 11:18:40.100 [ INFO] -  22.2 MB (87.5%)
2023-03-07 11:18:40.116 [ INFO] -  22.2 MB (88.7%)
2023-03-07 11:18:40.116 [ INFO] -  22.2 MB (89.8%)
2023-03-07 11:18:40.116 [ INFO] -  22.2 MB (91.0%)
2023-03-07 11:18:40.116 [ INFO] -  22.2 MB (92.2%)
2023-03-07 11:18:40.347 [ INFO] -  22.2 MB (93.4%)
2023-03-07 11:18:40.347 [ INFO] -  22.2 MB (94.6%)
2023-03-07 11:18:40.347 [ INFO] -  22.2 MB (95.8%)
2023-03-07 11:18:40.347 [ INFO] -  22.2 MB (96.9%)
2023-03-07 11:18:40.363 [ INFO] -  22.2 MB (98.1%)
2023-03-07 11:18:40.570 [ INFO] -  22.2 MB (99.3%)
2023-03-07 11:18:40.586 [ INFO] -  22.2 MB (100.0%)
2023-03-07 11:18:40.586 [ INFO] Processing  time : 0:00:26.251091
2023-03-07 11:18:40.586 [ INFO] Downloading time : 0:00:17.005340
2023-03-07 11:18:40.586 [ INFO] Total time       : 0:00:43.256431
2023-03-07 11:18:40.586 [ INFO] Download rate    : 1.2 MB/s
2023-03-07 11:18:40.586 [ INFO] Done
2023-03-07 11:18:41.075 [ INFO] Asynchronous mode set
2023-03-07 11:18:41.083 [ INFO] Authenticating user gfranz for service http://nrt.cmems-du.eu/motu-web/Motu
2023-03-07 11:18:46.010 [ INFO] Requesting file to download (this can take a while)...
2023-03-07 11:18:53.333 [ INFO] Authenticating user gfranz for service https://nrt.cmems-du.eu/motu-web/Motu
2023-03-07 11:19:05.111 [ INFO] The product is ready for download
2023-03-07 11:19:05.111 [ INFO] Downloading file (this can take a while)...
2023-03-07 11:19:06.477 [ INFO] File type: application/x-netcdf
2023-03-07 11:19:06.477 [ INFO] File size: 11.1 MB (11089532 B)
2023-03-07 11:19:06.477 [ INFO] Downloading file C:\Aplica_New\CMEMS\GLOBAL_ANALYSISFORECAST_PHY\CMEMS_Download\CMEMS_so.nc
2023-03-07 11:19:07.481 [ INFO] -  11.1 MB (1.2%)
2023-03-07 11:19:07.802 [ INFO] -  11.1 MB (2.4%)
2023-03-07 11:19:07.802 [ INFO] -  11.1 MB (3.5%)
2023-03-07 11:19:08.131 [ INFO] -  11.1 MB (4.7%)
2023-03-07 11:19:08.131 [ INFO] -  11.1 MB (5.9%)
2023-03-07 11:19:08.447 [ INFO] -  11.1 MB (7.1%)
2023-03-07 11:19:08.447 [ INFO] -  11.1 MB (8.3%)
2023-03-07 11:19:08.447 [ INFO] -  11.1 MB (9.5%)
2023-03-07 11:19:08.447 [ INFO] -  11.1 MB (10.6%)
2023-03-07 11:19:08.463 [ INFO] -  11.1 MB (11.8%)
2023-03-07 11:19:08.766 [ INFO] -  11.1 MB (13.0%)
2023-03-07 11:19:08.782 [ INFO] -  11.1 MB (14.2%)
2023-03-07 11:19:08.782 [ INFO] -  11.1 MB (15.4%)
2023-03-07 11:19:08.782 [ INFO] -  11.1 MB (16.5%)
2023-03-07 11:19:08.782 [ INFO] -  11.1 MB (17.7%)
2023-03-07 11:19:09.099 [ INFO] -  11.1 MB (18.9%)
2023-03-07 11:19:09.099 [ INFO] -  11.1 MB (20.1%)
2023-03-07 11:19:09.099 [ INFO] -  11.1 MB (21.3%)
2023-03-07 11:19:09.099 [ INFO] -  11.1 MB (22.5%)
2023-03-07 11:19:09.099 [ INFO] -  11.1 MB (23.6%)
2023-03-07 11:19:09.099 [ INFO] -  11.1 MB (24.8%)
2023-03-07 11:19:09.420 [ INFO] -  11.1 MB (26.0%)
2023-03-07 11:19:09.435 [ INFO] -  11.1 MB (27.2%)
2023-03-07 11:19:09.435 [ INFO] -  11.1 MB (28.4%)
2023-03-07 11:19:09.435 [ INFO] -  11.1 MB (29.5%)
2023-03-07 11:19:09.442 [ INFO] -  11.1 MB (30.7%)
2023-03-07 11:19:09.442 [ INFO] -  11.1 MB (31.9%)
2023-03-07 11:19:09.758 [ INFO] -  11.1 MB (33.1%)
2023-03-07 11:19:09.758 [ INFO] -  11.1 MB (34.3%)
2023-03-07 11:19:09.758 [ INFO] -  11.1 MB (35.5%)
2023-03-07 11:19:09.758 [ INFO] -  11.1 MB (36.6%)
2023-03-07 11:19:09.758 [ INFO] -  11.1 MB (37.8%)
2023-03-07 11:19:09.758 [ INFO] -  11.1 MB (39.0%)
2023-03-07 11:19:09.758 [ INFO] -  11.1 MB (40.2%)
2023-03-07 11:19:10.084 [ INFO] -  11.1 MB (41.4%)
2023-03-07 11:19:10.084 [ INFO] -  11.1 MB (42.5%)
2023-03-07 11:19:10.094 [ INFO] -  11.1 MB (43.7%)
2023-03-07 11:19:10.094 [ INFO] -  11.1 MB (44.9%)
2023-03-07 11:19:10.094 [ INFO] -  11.1 MB (46.1%)
2023-03-07 11:19:10.094 [ INFO] -  11.1 MB (47.3%)
2023-03-07 11:19:10.094 [ INFO] -  11.1 MB (48.5%)
2023-03-07 11:19:10.395 [ INFO] -  11.1 MB (49.6%)
2023-03-07 11:19:10.395 [ INFO] -  11.1 MB (50.8%)
2023-03-07 11:19:10.395 [ INFO] -  11.1 MB (52.0%)
2023-03-07 11:19:10.395 [ INFO] -  11.1 MB (53.2%)
2023-03-07 11:19:10.410 [ INFO] -  11.1 MB (54.4%)
2023-03-07 11:19:10.410 [ INFO] -  11.1 MB (55.6%)
2023-03-07 11:19:10.410 [ INFO] -  11.1 MB (56.7%)
2023-03-07 11:19:10.727 [ INFO] -  11.1 MB (57.9%)
2023-03-07 11:19:10.727 [ INFO] -  11.1 MB (59.1%)
2023-03-07 11:19:10.727 [ INFO] -  11.1 MB (60.3%)
2023-03-07 11:19:10.727 [ INFO] -  11.1 MB (61.5%)
2023-03-07 11:19:10.727 [ INFO] -  11.1 MB (62.6%)
2023-03-07 11:19:10.727 [ INFO] -  11.1 MB (63.8%)
2023-03-07 11:19:10.727 [ INFO] -  11.1 MB (65.0%)
2023-03-07 11:19:10.727 [ INFO] -  11.1 MB (66.2%)
2023-03-07 11:19:11.043 [ INFO] -  11.1 MB (67.4%)
2023-03-07 11:19:11.059 [ INFO] -  11.1 MB (68.6%)
2023-03-07 11:19:11.059 [ INFO] -  11.1 MB (69.7%)
2023-03-07 11:19:11.059 [ INFO] -  11.1 MB (70.9%)
2023-03-07 11:19:11.059 [ INFO] -  11.1 MB (72.1%)
2023-03-07 11:19:11.059 [ INFO] -  11.1 MB (73.3%)
2023-03-07 11:19:11.059 [ INFO] -  11.1 MB (74.5%)
2023-03-07 11:19:11.059 [ INFO] -  11.1 MB (75.6%)
2023-03-07 11:19:11.059 [ INFO] -  11.1 MB (76.8%)
2023-03-07 11:19:11.375 [ INFO] -  11.1 MB (78.0%)
2023-03-07 11:19:11.375 [ INFO] -  11.1 MB (79.2%)
2023-03-07 11:19:11.375 [ INFO] -  11.1 MB (80.4%)
2023-03-07 11:19:11.375 [ INFO] -  11.1 MB (81.6%)
2023-03-07 11:19:11.391 [ INFO] -  11.1 MB (82.7%)
2023-03-07 11:19:11.391 [ INFO] -  11.1 MB (83.9%)
2023-03-07 11:19:11.391 [ INFO] -  11.1 MB (85.1%)
2023-03-07 11:19:11.391 [ INFO] -  11.1 MB (86.3%)
2023-03-07 11:19:11.397 [ INFO] -  11.1 MB (87.5%)
2023-03-07 11:19:11.706 [ INFO] -  11.1 MB (88.6%)
2023-03-07 11:19:11.706 [ INFO] -  11.1 MB (89.8%)
2023-03-07 11:19:11.706 [ INFO] -  11.1 MB (91.0%)
2023-03-07 11:19:11.722 [ INFO] -  11.1 MB (92.2%)
2023-03-07 11:19:11.722 [ INFO] -  11.1 MB (93.4%)
2023-03-07 11:19:11.722 [ INFO] -  11.1 MB (94.6%)
2023-03-07 11:19:11.728 [ INFO] -  11.1 MB (95.7%)
2023-03-07 11:19:11.728 [ INFO] -  11.1 MB (96.9%)
2023-03-07 11:19:11.728 [ INFO] -  11.1 MB (98.1%)
2023-03-07 11:19:12.045 [ INFO] -  11.1 MB (99.3%)
2023-03-07 11:19:12.045 [ INFO] -  11.1 MB (100.0%)
2023-03-07 11:19:12.045 [ INFO] Processing  time : 0:00:25.402052
2023-03-07 11:19:12.045 [ INFO] Downloading time : 0:00:05.568161
2023-03-07 11:19:12.045 [ INFO] Total time       : 0:00:30.970213
2023-03-07 11:19:12.045 [ INFO] Download rate    : 1.6 MB/s
2023-03-07 11:19:12.045 [ INFO] Done
2023-03-07 11:19:12.544 [ INFO] Asynchronous mode set
2023-03-07 11:19:12.553 [ INFO] Authenticating user gfranz for service http://nrt.cmems-du.eu/motu-web/Motu
2023-03-07 11:19:17.753 [ INFO] Requesting file to download (this can take a while)...
2023-03-07 11:19:25.157 [ INFO] Authenticating user gfranz for service https://nrt.cmems-du.eu/motu-web/Motu
2023-03-07 11:19:37.551 [ INFO] The product is ready for download
2023-03-07 11:19:37.551 [ INFO] Downloading file (this can take a while)...
2023-03-07 11:19:39.095 [ INFO] File type: application/x-netcdf
2023-03-07 11:19:39.095 [ INFO] File size: 11.1 MB (11089556 B)
2023-03-07 11:19:39.095 [ INFO] Downloading file C:\Aplica_New\CMEMS\GLOBAL_ANALYSISFORECAST_PHY\CMEMS_Download\CMEMS_thetao.nc
2023-03-07 11:19:40.201 [ INFO] -  11.1 MB (1.2%)
2023-03-07 11:19:40.587 [ INFO] -  11.1 MB (2.4%)
2023-03-07 11:19:40.587 [ INFO] -  11.1 MB (3.5%)
2023-03-07 11:19:40.959 [ INFO] -  11.1 MB (4.7%)
2023-03-07 11:19:40.959 [ INFO] -  11.1 MB (5.9%)
2023-03-07 11:19:41.338 [ INFO] -  11.1 MB (7.1%)
2023-03-07 11:19:41.338 [ INFO] -  11.1 MB (8.3%)
2023-03-07 11:19:41.739 [ INFO] -  11.1 MB (9.5%)
2023-03-07 11:19:41.739 [ INFO] -  11.1 MB (10.6%)
2023-03-07 11:19:41.739 [ INFO] -  11.1 MB (11.8%)
2023-03-07 11:19:41.739 [ INFO] -  11.1 MB (13.0%)
2023-03-07 11:19:41.739 [ INFO] -  11.1 MB (14.2%)
2023-03-07 11:19:42.129 [ INFO] -  11.1 MB (15.4%)
2023-03-07 11:19:42.129 [ INFO] -  11.1 MB (16.5%)
2023-03-07 11:19:42.129 [ INFO] -  11.1 MB (17.7%)
2023-03-07 11:19:42.129 [ INFO] -  11.1 MB (18.9%)
2023-03-07 11:19:42.129 [ INFO] -  11.1 MB (20.1%)
2023-03-07 11:19:42.484 [ INFO] -  11.1 MB (21.3%)
2023-03-07 11:19:42.484 [ INFO] -  11.1 MB (22.5%)
2023-03-07 11:19:42.484 [ INFO] -  11.1 MB (23.6%)
2023-03-07 11:19:42.484 [ INFO] -  11.1 MB (24.8%)
2023-03-07 11:19:42.500 [ INFO] -  11.1 MB (26.0%)
2023-03-07 11:19:42.500 [ INFO] -  11.1 MB (27.2%)
2023-03-07 11:19:42.847 [ INFO] -  11.1 MB (28.4%)
2023-03-07 11:19:42.863 [ INFO] -  11.1 MB (29.5%)
2023-03-07 11:19:42.863 [ INFO] -  11.1 MB (30.7%)
2023-03-07 11:19:42.863 [ INFO] -  11.1 MB (31.9%)
2023-03-07 11:19:42.863 [ INFO] -  11.1 MB (33.1%)
2023-03-07 11:19:42.863 [ INFO] -  11.1 MB (34.3%)
2023-03-07 11:19:43.223 [ INFO] -  11.1 MB (35.5%)
2023-03-07 11:19:43.223 [ INFO] -  11.1 MB (36.6%)
2023-03-07 11:19:43.223 [ INFO] -  11.1 MB (37.8%)
2023-03-07 11:19:43.223 [ INFO] -  11.1 MB (39.0%)
2023-03-07 11:19:43.223 [ INFO] -  11.1 MB (40.2%)
2023-03-07 11:19:43.223 [ INFO] -  11.1 MB (41.4%)
2023-03-07 11:19:43.239 [ INFO] -  11.1 MB (42.5%)
2023-03-07 11:19:43.594 [ INFO] -  11.1 MB (43.7%)
2023-03-07 11:19:43.594 [ INFO] -  11.1 MB (44.9%)
2023-03-07 11:19:43.594 [ INFO] -  11.1 MB (46.1%)
2023-03-07 11:19:43.594 [ INFO] -  11.1 MB (47.3%)
2023-03-07 11:19:43.609 [ INFO] -  11.1 MB (48.5%)
2023-03-07 11:19:43.609 [ INFO] -  11.1 MB (49.6%)
2023-03-07 11:19:43.609 [ INFO] -  11.1 MB (50.8%)
2023-03-07 11:19:43.979 [ INFO] -  11.1 MB (52.0%)
2023-03-07 11:19:43.979 [ INFO] -  11.1 MB (53.2%)
2023-03-07 11:19:43.979 [ INFO] -  11.1 MB (54.4%)
2023-03-07 11:19:43.995 [ INFO] -  11.1 MB (55.6%)
2023-03-07 11:19:43.995 [ INFO] -  11.1 MB (56.7%)
2023-03-07 11:19:43.995 [ INFO] -  11.1 MB (57.9%)
2023-03-07 11:19:43.995 [ INFO] -  11.1 MB (59.1%)
2023-03-07 11:19:43.995 [ INFO] -  11.1 MB (60.3%)
2023-03-07 11:19:44.355 [ INFO] -  11.1 MB (61.5%)
2023-03-07 11:19:44.355 [ INFO] -  11.1 MB (62.6%)
2023-03-07 11:19:44.355 [ INFO] -  11.1 MB (63.8%)
2023-03-07 11:19:44.355 [ INFO] -  11.1 MB (65.0%)
2023-03-07 11:19:44.355 [ INFO] -  11.1 MB (66.2%)
2023-03-07 11:19:44.355 [ INFO] -  11.1 MB (67.4%)
2023-03-07 11:19:44.355 [ INFO] -  11.1 MB (68.6%)
2023-03-07 11:19:44.355 [ INFO] -  11.1 MB (69.7%)
2023-03-07 11:19:44.721 [ INFO] -  11.1 MB (70.9%)
2023-03-07 11:19:44.721 [ INFO] -  11.1 MB (72.1%)
2023-03-07 11:19:44.721 [ INFO] -  11.1 MB (73.3%)
2023-03-07 11:19:44.721 [ INFO] -  11.1 MB (74.5%)
2023-03-07 11:19:44.736 [ INFO] -  11.1 MB (75.6%)
2023-03-07 11:19:44.736 [ INFO] -  11.1 MB (76.8%)
2023-03-07 11:19:44.736 [ INFO] -  11.1 MB (78.0%)
2023-03-07 11:19:44.736 [ INFO] -  11.1 MB (79.2%)
2023-03-07 11:19:45.111 [ INFO] -  11.1 MB (80.4%)
2023-03-07 11:19:45.111 [ INFO] -  11.1 MB (81.6%)
2023-03-07 11:19:45.111 [ INFO] -  11.1 MB (82.7%)
2023-03-07 11:19:45.127 [ INFO] -  11.1 MB (83.9%)
2023-03-07 11:19:45.127 [ INFO] -  11.1 MB (85.1%)
2023-03-07 11:19:45.127 [ INFO] -  11.1 MB (86.3%)
2023-03-07 11:19:45.127 [ INFO] -  11.1 MB (87.5%)
2023-03-07 11:19:45.127 [ INFO] -  11.1 MB (88.6%)
2023-03-07 11:19:45.127 [ INFO] -  11.1 MB (89.8%)
2023-03-07 11:19:45.496 [ INFO] -  11.1 MB (91.0%)
2023-03-07 11:19:45.496 [ INFO] -  11.1 MB (92.2%)
2023-03-07 11:19:45.496 [ INFO] -  11.1 MB (93.4%)
2023-03-07 11:19:45.496 [ INFO] -  11.1 MB (94.6%)
2023-03-07 11:19:45.496 [ INFO] -  11.1 MB (95.7%)
2023-03-07 11:19:45.496 [ INFO] -  11.1 MB (96.9%)
2023-03-07 11:19:45.512 [ INFO] -  11.1 MB (98.1%)
2023-03-07 11:19:45.512 [ INFO] -  11.1 MB (99.3%)
2023-03-07 11:19:45.512 [ INFO] -  11.1 MB (100.0%)
2023-03-07 11:19:45.512 [ INFO] Processing  time : 0:00:26.550774
2023-03-07 11:19:45.512 [ INFO] Downloading time : 0:00:06.416832
2023-03-07 11:19:45.512 [ INFO] Total time       : 0:00:32.967606
2023-03-07 11:19:45.512 [ INFO] Download rate    : 1.4 MB/s
2023-03-07 11:19:45.512 [ INFO] Done
 -------------------------- MOHID -------------------------
 
       AUTHOR   : IST/MARETEC, Marine Modelling Group      
       WWW      : http://www.mohid.com
 
 
 Copyright (C) 1985, 1998, 2002, 2006.
 Instituto Superior Tecnico, Technical University of Lisbon
 -------------------------- MOHID -------------------------
 
 Constructing ConvertToHDF5
 Please Wait...
 
 Running ConvertToHDF5...
 
 CONVERT NETCDF CF TO HDF5 MOHID                                                
                                                  
 Reading CMEMS_zos.nc
 
 Read Time NetCDF file...
 Read total time
 
 Read Grid NetCDF file...
 
 Writing Grid 3D HDF5 file...
 
 Read Grid 3D NetCDF file...
 
 Writing Grid 3D HDF5 file...
 Grid
 
 Writing Time HDF5 file...
 Reading CMEMS_zos.nc
 
 Read Time NetCDF file...
 Read Write fields
 -------------------------- MOHID -------------------------
 
 Program ConvertToHDF5 successfully terminated
 
 
 Total Elapsed Time     :           0.16   0h  0min  0s

 Total CPU time         :           0.11

 CPU usage (%)          :          67.51

 
 ----------------------------------------------------------
 -------------------------- MOHID -------------------------
 
       AUTHOR   : IST/MARETEC, Marine Modelling Group      
       WWW      : http://www.mohid.com
 
 
 Copyright (C) 1985, 1998, 2002, 2006.
 Instituto Superior Tecnico, Technical University of Lisbon
 -------------------------- MOHID -------------------------
 
 Constructing ConvertToHDF5
 Please Wait...
 
 Running ConvertToHDF5...
 
 CONVERT NETCDF CF TO HDF5 MOHID                                                
                                                  
 Reading CMEMS_cur.nc
 
 Read Time NetCDF file...
 Read total time
 
 Read Grid NetCDF file...
 
 
 Writing Grid 3D HDF5 file...
 
 Read Grid 3D NetCDF file...
 
 Writing Grid 3D HDF5 file...
 Grid
 
 Writing Time HDF5 file...
 Reading CMEMS_cur.nc
 
 Read Time NetCDF file...
 Write depth
 Read Write fields
 -------------------------- MOHID -------------------------
 
 Program ConvertToHDF5 successfully terminated
 
 
 Total Elapsed Time     :           3.18   0h  0min  3s

 Total CPU time         :           3.05

 CPU usage (%)          :          95.90

 
 ----------------------------------------------------------
 -------------------------- MOHID -------------------------
 
       AUTHOR   : IST/MARETEC, Marine Modelling Group      
       WWW      : http://www.mohid.com
 
 
 Copyright (C) 1985, 1998, 2002, 2006.
 Instituto Superior Tecnico, Technical University of Lisbon
 -------------------------- MOHID -------------------------
 
 Constructing ConvertToHDF5
 Please Wait...
 
 Running ConvertToHDF5...
 
 CONVERT NETCDF CF TO HDF5 MOHID                                                
                                                  
 Reading CMEMS_so.nc
 
 Read Time NetCDF file...
 Read total time
 
 Read Grid NetCDF file...
 
 
 Writing Grid 3D HDF5 file...
 
 Read Grid 3D NetCDF file...
 
 Writing Grid 3D HDF5 file...
 Grid
 
 Writing Time HDF5 file...
 Reading CMEMS_so.nc
 
 Read Time NetCDF file...
 Write depth
 Read Write fields
 -------------------------- MOHID -------------------------
 
 Program ConvertToHDF5 successfully terminated
 
 
 Total Elapsed Time     :           1.77   0h  0min  1s

 Total CPU time         :           1.75

 CPU usage (%)          :          98.87

 
 ----------------------------------------------------------
 -------------------------- MOHID -------------------------
 
       AUTHOR   : IST/MARETEC, Marine Modelling Group      
       WWW      : http://www.mohid.com
 
 
 Copyright (C) 1985, 1998, 2002, 2006.
 Instituto Superior Tecnico, Technical University of Lisbon
 -------------------------- MOHID -------------------------
 
 Constructing ConvertToHDF5
 Please Wait...
 
 Running ConvertToHDF5...
 
 CONVERT NETCDF CF TO HDF5 MOHID                                                
                                                  
 Reading CMEMS_thetao.nc
 
 Read Time NetCDF file...
 Read total time
 
 Read Grid NetCDF file...
 
 
 Writing Grid 3D HDF5 file...
 
 Read Grid 3D NetCDF file...
 
 Writing Grid 3D HDF5 file...
 Grid
 
 Writing Time HDF5 file...
 Reading CMEMS_thetao.nc
 
 Read Time NetCDF file...
 Write depth
 Read Write fields
 -------------------------- MOHID -------------------------
 
 Program ConvertToHDF5 successfully terminated
 
 
 Total Elapsed Time     :           1.63   0h  0min  1s

 Total CPU time         :           1.56

 CPU usage (%)          :          96.04

 
 ----------------------------------------------------------
2023-03-07 11:19:53.226 [ INFO] Asynchronous mode set
2023-03-07 11:19:53.226 [ INFO] Authenticating user gfranz for service http://nrt.cmems-du.eu/motu-web/Motu
2023-03-07 11:19:58.254 [ INFO] Requesting file to download (this can take a while)...
2023-03-07 11:20:05.521 [ INFO] Authenticating user gfranz for service https://nrt.cmems-du.eu/motu-web/Motu
2023-03-07 11:20:17.993 [ INFO] The product is ready for download
2023-03-07 11:20:17.993 [ INFO] Downloading file (this can take a while)...
2023-03-07 11:20:18.974 [ INFO] File type: application/x-netcdf
2023-03-07 11:20:18.974 [ INFO] File size: 225.1 kB (225056 B)
2023-03-07 11:20:18.974 [ INFO] Downloading file C:\Aplica_New\CMEMS\GLOBAL_ANALYSISFORECAST_PHY\CMEMS_Download\CMEMS_zos.nc
2023-03-07 11:20:19.444 [ INFO] - 225.1 kB (29.1%)
2023-03-07 11:20:19.676 [ INFO] - 225.1 kB (58.2%)
2023-03-07 11:20:19.676 [ INFO] - 225.1 kB (87.4%)
2023-03-07 11:20:19.914 [ INFO] - 225.1 kB (100.0%)
2023-03-07 11:20:19.914 [ INFO] Processing  time : 0:00:25.748428
2023-03-07 11:20:19.914 [ INFO] Downloading time : 0:00:00.940337
2023-03-07 11:20:19.914 [ INFO] Total time       : 0:00:26.688765
2023-03-07 11:20:19.914 [ INFO] Download rate    : 117.2 kB/s
2023-03-07 11:20:19.914 [ INFO] Done
2023-03-07 11:20:20.414 [ INFO] Asynchronous mode set
2023-03-07 11:20:20.422 [ INFO] Authenticating user gfranz for service http://nrt.cmems-du.eu/motu-web/Motu
2023-03-07 11:20:26.723 [ INFO] Requesting file to download (this can take a while)...
2023-03-07 11:20:33.808 [ INFO] Authenticating user gfranz for service https://nrt.cmems-du.eu/motu-web/Motu
2023-03-07 11:20:45.829 [ INFO] The product is ready for download
2023-03-07 11:20:45.829 [ INFO] Downloading file (this can take a while)...
2023-03-07 11:20:46.816 [ INFO] File type: application/x-netcdf
2023-03-07 11:20:46.816 [ INFO] File size: 22.2 MB (22175480 B)
2023-03-07 11:20:46.816 [ INFO] Downloading file C:\Aplica_New\CMEMS\GLOBAL_ANALYSISFORECAST_PHY\CMEMS_Download\CMEMS_cur.nc
2023-03-07 11:20:47.770 [ INFO] -  22.2 MB (1.2%)
2023-03-07 11:20:48.013 [ INFO] -  22.2 MB (2.4%)
2023-03-07 11:20:48.245 [ INFO] -  22.2 MB (3.5%)
2023-03-07 11:20:48.493 [ INFO] -  22.2 MB (4.7%)
2023-03-07 11:20:48.493 [ INFO] -  22.2 MB (5.9%)
2023-03-07 11:20:48.731 [ INFO] -  22.2 MB (7.1%)
2023-03-07 11:20:48.731 [ INFO] -  22.2 MB (8.3%)
2023-03-07 11:20:48.731 [ INFO] -  22.2 MB (9.5%)
2023-03-07 11:20:48.963 [ INFO] -  22.2 MB (10.6%)
2023-03-07 11:20:48.978 [ INFO] -  22.2 MB (11.8%)
2023-03-07 11:20:48.978 [ INFO] -  22.2 MB (13.0%)
2023-03-07 11:20:49.210 [ INFO] -  22.2 MB (14.2%)
2023-03-07 11:20:49.217 [ INFO] -  22.2 MB (15.4%)
2023-03-07 11:20:49.219 [ INFO] -  22.2 MB (16.5%)
2023-03-07 11:20:49.447 [ INFO] -  22.2 MB (17.7%)
2023-03-07 11:20:49.695 [ INFO] -  22.2 MB (18.9%)
2023-03-07 11:20:49.927 [ INFO] -  22.2 MB (20.1%)
2023-03-07 11:20:49.927 [ INFO] -  22.2 MB (21.3%)
2023-03-07 11:20:49.927 [ INFO] -  22.2 MB (22.5%)
2023-03-07 11:20:49.942 [ INFO] -  22.2 MB (23.6%)
2023-03-07 11:20:50.165 [ INFO] -  22.2 MB (24.8%)
2023-03-07 11:20:50.165 [ INFO] -  22.2 MB (26.0%)
2023-03-07 11:20:50.165 [ INFO] -  22.2 MB (27.2%)
2023-03-07 11:20:50.397 [ INFO] -  22.2 MB (28.4%)
2023-03-07 11:20:50.413 [ INFO] -  22.2 MB (29.6%)
2023-03-07 11:20:50.644 [ INFO] -  22.2 MB (30.7%)
2023-03-07 11:20:50.651 [ INFO] -  22.2 MB (31.9%)
2023-03-07 11:20:50.651 [ INFO] -  22.2 MB (33.1%)
2023-03-07 11:20:50.883 [ INFO] -  22.2 MB (34.3%)
2023-03-07 11:20:50.883 [ INFO] -  22.2 MB (35.5%)
2023-03-07 11:20:51.115 [ INFO] -  22.2 MB (36.6%)
2023-03-07 11:20:51.115 [ INFO] -  22.2 MB (37.8%)
2023-03-07 11:20:51.130 [ INFO] -  22.2 MB (39.0%)
2023-03-07 11:20:51.353 [ INFO] -  22.2 MB (40.2%)
2023-03-07 11:20:51.368 [ INFO] -  22.2 MB (41.4%)
2023-03-07 11:20:51.368 [ INFO] -  22.2 MB (42.6%)
2023-03-07 11:20:51.599 [ INFO] -  22.2 MB (43.7%)
2023-03-07 11:20:51.599 [ INFO] -  22.2 MB (44.9%)
2023-03-07 11:20:51.831 [ INFO] -  22.2 MB (46.1%)
2023-03-07 11:20:51.831 [ INFO] -  22.2 MB (47.3%)
2023-03-07 11:20:51.847 [ INFO] -  22.2 MB (48.5%)
2023-03-07 11:20:52.079 [ INFO] -  22.2 MB (49.6%)
2023-03-07 11:20:52.079 [ INFO] -  22.2 MB (50.8%)
2023-03-07 11:20:52.085 [ INFO] -  22.2 MB (52.0%)
2023-03-07 11:20:52.317 [ INFO] -  22.2 MB (53.2%)
2023-03-07 11:20:52.317 [ INFO] -  22.2 MB (54.4%)
2023-03-07 11:20:52.317 [ INFO] -  22.2 MB (55.6%)
2023-03-07 11:20:52.549 [ INFO] -  22.2 MB (56.7%)
2023-03-07 11:20:52.549 [ INFO] -  22.2 MB (57.9%)
2023-03-07 11:20:52.549 [ INFO] -  22.2 MB (59.1%)
2023-03-07 11:20:52.784 [ INFO] -  22.2 MB (60.3%)
2023-03-07 11:20:52.784 [ INFO] -  22.2 MB (61.5%)
2023-03-07 11:20:52.800 [ INFO] -  22.2 MB (62.7%)
2023-03-07 11:20:53.032 [ INFO] -  22.2 MB (63.8%)
2023-03-07 11:20:53.032 [ INFO] -  22.2 MB (65.0%)
2023-03-07 11:20:53.038 [ INFO] -  22.2 MB (66.2%)
2023-03-07 11:20:53.270 [ INFO] -  22.2 MB (67.4%)
2023-03-07 11:20:53.270 [ INFO] -  22.2 MB (68.6%)
2023-03-07 11:20:53.270 [ INFO] -  22.2 MB (69.7%)
2023-03-07 11:20:53.502 [ INFO] -  22.2 MB (70.9%)
2023-03-07 11:20:53.502 [ INFO] -  22.2 MB (72.1%)
2023-03-07 11:20:53.517 [ INFO] -  22.2 MB (73.3%)
2023-03-07 11:20:53.740 [ INFO] -  22.2 MB (74.5%)
2023-03-07 11:20:53.740 [ INFO] -  22.2 MB (75.7%)
2023-03-07 11:20:53.756 [ INFO] -  22.2 MB (76.8%)
2023-03-07 11:20:53.756 [ INFO] -  22.2 MB (78.0%)
2023-03-07 11:20:53.988 [ INFO] -  22.2 MB (79.2%)
2023-03-07 11:20:53.988 [ INFO] -  22.2 MB (80.4%)
2023-03-07 11:20:53.988 [ INFO] -  22.2 MB (81.6%)
2023-03-07 11:20:54.219 [ INFO] -  22.2 MB (82.7%)
2023-03-07 11:20:54.219 [ INFO] -  22.2 MB (83.9%)
2023-03-07 11:20:54.219 [ INFO] -  22.2 MB (85.1%)
2023-03-07 11:20:54.462 [ INFO] -  22.2 MB (86.3%)
2023-03-07 11:20:54.462 [ INFO] -  22.2 MB (87.5%)
2023-03-07 11:20:54.462 [ INFO] -  22.2 MB (88.7%)
2023-03-07 11:20:54.694 [ INFO] -  22.2 MB (89.8%)
2023-03-07 11:20:54.694 [ INFO] -  22.2 MB (91.0%)
2023-03-07 11:20:54.710 [ INFO] -  22.2 MB (92.2%)
2023-03-07 11:20:54.926 [ INFO] -  22.2 MB (93.4%)
2023-03-07 11:20:54.942 [ INFO] -  22.2 MB (94.6%)
2023-03-07 11:20:54.942 [ INFO] -  22.2 MB (95.8%)
2023-03-07 11:20:54.942 [ INFO] -  22.2 MB (96.9%)
2023-03-07 11:20:55.180 [ INFO] -  22.2 MB (98.1%)
2023-03-07 11:20:55.180 [ INFO] -  22.2 MB (99.3%)
2023-03-07 11:20:55.180 [ INFO] -  22.2 MB (100.0%)
2023-03-07 11:20:55.180 [ INFO] Processing  time : 0:00:26.402886
2023-03-07 11:20:55.180 [ INFO] Downloading time : 0:00:08.363469
2023-03-07 11:20:55.180 [ INFO] Total time       : 0:00:34.766355
2023-03-07 11:20:55.180 [ INFO] Download rate    : 2.4 MB/s
2023-03-07 11:20:55.180 [ INFO] Done
2023-03-07 11:20:55.677 [ INFO] Asynchronous mode set
2023-03-07 11:20:55.677 [ INFO] Authenticating user gfranz for service http://nrt.cmems-du.eu/motu-web/Motu
2023-03-07 11:21:01.285 [ INFO] Requesting file to download (this can take a while)...
2023-03-07 11:21:08.447 [ INFO] Authenticating user gfranz for service https://nrt.cmems-du.eu/motu-web/Motu
2023-03-07 11:21:20.282 [ INFO] The product is ready for download
2023-03-07 11:21:20.282 [ INFO] Downloading file (this can take a while)...
2023-03-07 11:21:21.272 [ INFO] File type: application/x-netcdf
2023-03-07 11:21:21.272 [ INFO] File size: 11.1 MB (11089532 B)
2023-03-07 11:21:21.272 [ INFO] Downloading file C:\Aplica_New\CMEMS\GLOBAL_ANALYSISFORECAST_PHY\CMEMS_Download\CMEMS_so.nc
2023-03-07 11:21:22.005 [ INFO] -  11.1 MB (1.2%)
2023-03-07 11:21:22.244 [ INFO] -  11.1 MB (2.4%)
2023-03-07 11:21:22.244 [ INFO] -  11.1 MB (3.5%)
2023-03-07 11:21:22.491 [ INFO] -  11.1 MB (4.7%)
2023-03-07 11:21:22.491 [ INFO] -  11.1 MB (5.9%)
2023-03-07 11:21:22.729 [ INFO] -  11.1 MB (7.1%)
2023-03-07 11:21:22.729 [ INFO] -  11.1 MB (8.3%)
2023-03-07 11:21:22.961 [ INFO] -  11.1 MB (9.5%)
2023-03-07 11:21:22.961 [ INFO] -  11.1 MB (10.6%)
2023-03-07 11:21:22.977 [ INFO] -  11.1 MB (11.8%)
2023-03-07 11:21:22.977 [ INFO] -  11.1 MB (13.0%)
2023-03-07 11:21:23.209 [ INFO] -  11.1 MB (14.2%)
2023-03-07 11:21:23.209 [ INFO] -  11.1 MB (15.4%)
2023-03-07 11:21:23.209 [ INFO] -  11.1 MB (16.5%)
2023-03-07 11:21:23.209 [ INFO] -  11.1 MB (17.7%)
2023-03-07 11:21:23.209 [ INFO] -  11.1 MB (18.9%)
2023-03-07 11:21:23.447 [ INFO] -  11.1 MB (20.1%)
2023-03-07 11:21:23.447 [ INFO] -  11.1 MB (21.3%)
2023-03-07 11:21:23.447 [ INFO] -  11.1 MB (22.5%)
2023-03-07 11:21:23.447 [ INFO] -  11.1 MB (23.6%)
2023-03-07 11:21:23.463 [ INFO] -  11.1 MB (24.8%)
2023-03-07 11:21:23.463 [ INFO] -  11.1 MB (26.0%)
2023-03-07 11:21:23.694 [ INFO] -  11.1 MB (27.2%)
2023-03-07 11:21:23.694 [ INFO] -  11.1 MB (28.4%)
2023-03-07 11:21:23.694 [ INFO] -  11.1 MB (29.5%)
2023-03-07 11:21:23.694 [ INFO] -  11.1 MB (30.7%)
2023-03-07 11:21:23.694 [ INFO] -  11.1 MB (31.9%)
2023-03-07 11:21:23.933 [ INFO] -  11.1 MB (33.1%)
2023-03-07 11:21:23.933 [ INFO] -  11.1 MB (34.3%)
2023-03-07 11:21:23.933 [ INFO] -  11.1 MB (35.5%)
2023-03-07 11:21:23.933 [ INFO] -  11.1 MB (36.6%)
2023-03-07 11:21:23.933 [ INFO] -  11.1 MB (37.8%)
2023-03-07 11:21:23.933 [ INFO] -  11.1 MB (39.0%)
2023-03-07 11:21:24.165 [ INFO] -  11.1 MB (40.2%)
2023-03-07 11:21:24.180 [ INFO] -  11.1 MB (41.4%)
2023-03-07 11:21:24.180 [ INFO] -  11.1 MB (42.5%)
2023-03-07 11:21:24.180 [ INFO] -  11.1 MB (43.7%)
2023-03-07 11:21:24.180 [ INFO] -  11.1 MB (44.9%)
2023-03-07 11:21:24.180 [ INFO] -  11.1 MB (46.1%)
2023-03-07 11:21:24.412 [ INFO] -  11.1 MB (47.3%)
2023-03-07 11:21:24.412 [ INFO] -  11.1 MB (48.5%)
2023-03-07 11:21:24.412 [ INFO] -  11.1 MB (49.6%)
2023-03-07 11:21:24.412 [ INFO] -  11.1 MB (50.8%)
2023-03-07 11:21:24.412 [ INFO] -  11.1 MB (52.0%)
2023-03-07 11:21:24.428 [ INFO] -  11.1 MB (53.2%)
2023-03-07 11:21:24.428 [ INFO] -  11.1 MB (54.4%)
2023-03-07 11:21:24.650 [ INFO] -  11.1 MB (55.6%)
2023-03-07 11:21:24.650 [ INFO] -  11.1 MB (56.7%)
2023-03-07 11:21:24.650 [ INFO] -  11.1 MB (57.9%)
2023-03-07 11:21:24.666 [ INFO] -  11.1 MB (59.1%)
2023-03-07 11:21:24.666 [ INFO] -  11.1 MB (60.3%)
2023-03-07 11:21:24.666 [ INFO] -  11.1 MB (61.5%)
2023-03-07 11:21:24.666 [ INFO] -  11.1 MB (62.6%)
2023-03-07 11:21:24.898 [ INFO] -  11.1 MB (63.8%)
2023-03-07 11:21:24.898 [ INFO] -  11.1 MB (65.0%)
2023-03-07 11:21:24.898 [ INFO] -  11.1 MB (66.2%)
2023-03-07 11:21:24.898 [ INFO] -  11.1 MB (67.4%)
2023-03-07 11:21:24.898 [ INFO] -  11.1 MB (68.6%)
2023-03-07 11:21:24.898 [ INFO] -  11.1 MB (69.7%)
2023-03-07 11:21:24.898 [ INFO] -  11.1 MB (70.9%)
2023-03-07 11:21:24.914 [ INFO] -  11.1 MB (72.1%)
2023-03-07 11:21:25.136 [ INFO] -  11.1 MB (73.3%)
2023-03-07 11:21:25.136 [ INFO] -  11.1 MB (74.5%)
2023-03-07 11:21:25.136 [ INFO] -  11.1 MB (75.6%)
2023-03-07 11:21:25.136 [ INFO] -  11.1 MB (76.8%)
2023-03-07 11:21:25.136 [ INFO] -  11.1 MB (78.0%)
2023-03-07 11:21:25.152 [ INFO] -  11.1 MB (79.2%)
2023-03-07 11:21:25.152 [ INFO] -  11.1 MB (80.4%)
2023-03-07 11:21:25.152 [ INFO] -  11.1 MB (81.6%)
2023-03-07 11:21:25.368 [ INFO] -  11.1 MB (82.7%)
2023-03-07 11:21:25.384 [ INFO] -  11.1 MB (83.9%)
2023-03-07 11:21:25.384 [ INFO] -  11.1 MB (85.1%)
2023-03-07 11:21:25.384 [ INFO] -  11.1 MB (86.3%)
2023-03-07 11:21:25.384 [ INFO] -  11.1 MB (87.5%)
2023-03-07 11:21:25.384 [ INFO] -  11.1 MB (88.6%)
2023-03-07 11:21:25.384 [ INFO] -  11.1 MB (89.8%)
2023-03-07 11:21:25.384 [ INFO] -  11.1 MB (91.0%)
2023-03-07 11:21:25.384 [ INFO] -  11.1 MB (92.2%)
2023-03-07 11:21:25.616 [ INFO] -  11.1 MB (93.4%)
2023-03-07 11:21:25.616 [ INFO] -  11.1 MB (94.6%)
2023-03-07 11:21:25.616 [ INFO] -  11.1 MB (95.7%)
2023-03-07 11:21:25.616 [ INFO] -  11.1 MB (96.9%)
2023-03-07 11:21:25.631 [ INFO] -  11.1 MB (98.1%)
2023-03-07 11:21:25.631 [ INFO] -  11.1 MB (99.3%)
2023-03-07 11:21:25.631 [ INFO] -  11.1 MB (100.0%)
2023-03-07 11:21:25.631 [ INFO] Processing  time : 0:00:25.594809
2023-03-07 11:21:25.631 [ INFO] Downloading time : 0:00:04.359254
2023-03-07 11:21:25.631 [ INFO] Total time       : 0:00:29.954063
2023-03-07 11:21:25.631 [ INFO] Download rate    : 2.1 MB/s
2023-03-07 11:21:25.631 [ INFO] Done
2023-03-07 11:21:26.122 [ INFO] Asynchronous mode set
2023-03-07 11:21:26.122 [ INFO] Authenticating user gfranz for service http://nrt.cmems-du.eu/motu-web/Motu
2023-03-07 11:21:31.007 [ INFO] Requesting file to download (this can take a while)...
2023-03-07 11:21:38.081 [ INFO] Authenticating user gfranz for service https://nrt.cmems-du.eu/motu-web/Motu
2023-03-07 11:21:50.668 [ INFO] The product is ready for download
2023-03-07 11:21:50.668 [ INFO] Downloading file (this can take a while)...
2023-03-07 11:21:51.675 [ INFO] File type: application/x-netcdf
2023-03-07 11:21:51.675 [ INFO] File size: 11.1 MB (11089556 B)
2023-03-07 11:21:51.675 [ INFO] Downloading file C:\Aplica_New\CMEMS\GLOBAL_ANALYSISFORECAST_PHY\CMEMS_Download\CMEMS_thetao.nc
2023-03-07 11:21:52.393 [ INFO] -  11.1 MB (1.2%)
2023-03-07 11:21:52.641 [ INFO] -  11.1 MB (2.4%)
2023-03-07 11:21:52.647 [ INFO] -  11.1 MB (3.5%)
2023-03-07 11:21:52.873 [ INFO] -  11.1 MB (4.7%)
2023-03-07 11:21:52.889 [ INFO] -  11.1 MB (5.9%)
2023-03-07 11:21:53.120 [ INFO] -  11.1 MB (7.1%)
2023-03-07 11:21:53.120 [ INFO] -  11.1 MB (8.3%)
2023-03-07 11:21:53.359 [ INFO] -  11.1 MB (9.5%)
2023-03-07 11:21:53.359 [ INFO] -  11.1 MB (10.6%)
2023-03-07 11:21:53.359 [ INFO] -  11.1 MB (11.8%)
2023-03-07 11:21:53.374 [ INFO] -  11.1 MB (13.0%)
2023-03-07 11:21:53.597 [ INFO] -  11.1 MB (14.2%)
2023-03-07 11:21:53.597 [ INFO] -  11.1 MB (15.4%)
2023-03-07 11:21:53.613 [ INFO] -  11.1 MB (16.5%)
2023-03-07 11:21:53.613 [ INFO] -  11.1 MB (17.7%)
2023-03-07 11:21:53.613 [ INFO] -  11.1 MB (18.9%)
2023-03-07 11:21:53.849 [ INFO] -  11.1 MB (20.1%)
2023-03-07 11:21:53.849 [ INFO] -  11.1 MB (21.3%)
2023-03-07 11:21:53.849 [ INFO] -  11.1 MB (22.5%)
2023-03-07 11:21:53.849 [ INFO] -  11.1 MB (23.6%)
2023-03-07 11:21:53.849 [ INFO] -  11.1 MB (24.8%)
2023-03-07 11:21:54.087 [ INFO] -  11.1 MB (26.0%)
2023-03-07 11:21:54.087 [ INFO] -  11.1 MB (27.2%)
2023-03-07 11:21:54.087 [ INFO] -  11.1 MB (28.4%)
2023-03-07 11:21:54.087 [ INFO] -  11.1 MB (29.5%)
2023-03-07 11:21:54.087 [ INFO] -  11.1 MB (30.7%)
2023-03-07 11:21:54.087 [ INFO] -  11.1 MB (31.9%)
2023-03-07 11:21:54.319 [ INFO] -  11.1 MB (33.1%)
2023-03-07 11:21:54.319 [ INFO] -  11.1 MB (34.3%)
2023-03-07 11:21:54.319 [ INFO] -  11.1 MB (35.5%)
2023-03-07 11:21:54.335 [ INFO] -  11.1 MB (36.6%)
2023-03-07 11:21:54.335 [ INFO] -  11.1 MB (37.8%)
2023-03-07 11:21:54.335 [ INFO] -  11.1 MB (39.0%)
2023-03-07 11:21:54.567 [ INFO] -  11.1 MB (40.2%)
2023-03-07 11:21:54.573 [ INFO] -  11.1 MB (41.4%)
2023-03-07 11:21:54.573 [ INFO] -  11.1 MB (42.5%)
2023-03-07 11:21:54.573 [ INFO] -  11.1 MB (43.7%)
2023-03-07 11:21:54.573 [ INFO] -  11.1 MB (44.9%)
2023-03-07 11:21:54.573 [ INFO] -  11.1 MB (46.1%)
2023-03-07 11:21:54.573 [ INFO] -  11.1 MB (47.3%)
2023-03-07 11:21:54.805 [ INFO] -  11.1 MB (48.5%)
2023-03-07 11:21:54.805 [ INFO] -  11.1 MB (49.6%)
2023-03-07 11:21:54.805 [ INFO] -  11.1 MB (50.8%)
2023-03-07 11:21:54.805 [ INFO] -  11.1 MB (52.0%)
2023-03-07 11:21:54.805 [ INFO] -  11.1 MB (53.2%)
2023-03-07 11:21:54.821 [ INFO] -  11.1 MB (54.4%)
2023-03-07 11:21:54.821 [ INFO] -  11.1 MB (55.6%)
2023-03-07 11:21:55.053 [ INFO] -  11.1 MB (56.7%)
2023-03-07 11:21:55.053 [ INFO] -  11.1 MB (57.9%)
2023-03-07 11:21:55.053 [ INFO] -  11.1 MB (59.1%)
2023-03-07 11:21:55.053 [ INFO] -  11.1 MB (60.3%)
2023-03-07 11:21:55.053 [ INFO] -  11.1 MB (61.5%)
2023-03-07 11:21:55.053 [ INFO] -  11.1 MB (62.6%)
2023-03-07 11:21:55.053 [ INFO] -  11.1 MB (63.8%)
2023-03-07 11:21:55.291 [ INFO] -  11.1 MB (65.0%)
2023-03-07 11:21:55.291 [ INFO] -  11.1 MB (66.2%)
2023-03-07 11:21:55.291 [ INFO] -  11.1 MB (67.4%)
2023-03-07 11:21:55.291 [ INFO] -  11.1 MB (68.6%)
2023-03-07 11:21:55.291 [ INFO] -  11.1 MB (69.7%)
2023-03-07 11:21:55.291 [ INFO] -  11.1 MB (70.9%)
2023-03-07 11:21:55.291 [ INFO] -  11.1 MB (72.1%)
2023-03-07 11:21:55.306 [ INFO] -  11.1 MB (73.3%)
2023-03-07 11:21:55.525 [ INFO] -  11.1 MB (74.5%)
2023-03-07 11:21:55.525 [ INFO] -  11.1 MB (75.6%)
2023-03-07 11:21:55.525 [ INFO] -  11.1 MB (76.8%)
2023-03-07 11:21:55.525 [ INFO] -  11.1 MB (78.0%)
2023-03-07 11:21:55.541 [ INFO] -  11.1 MB (79.2%)
2023-03-07 11:21:55.541 [ INFO] -  11.1 MB (80.4%)
2023-03-07 11:21:55.541 [ INFO] -  11.1 MB (81.6%)
2023-03-07 11:21:55.541 [ INFO] -  11.1 MB (82.7%)
2023-03-07 11:21:55.541 [ INFO] -  11.1 MB (83.9%)
2023-03-07 11:21:55.773 [ INFO] -  11.1 MB (85.1%)
2023-03-07 11:21:55.773 [ INFO] -  11.1 MB (86.3%)
2023-03-07 11:21:55.773 [ INFO] -  11.1 MB (87.5%)
2023-03-07 11:21:55.773 [ INFO] -  11.1 MB (88.6%)
2023-03-07 11:21:55.773 [ INFO] -  11.1 MB (89.8%)
2023-03-07 11:21:55.773 [ INFO] -  11.1 MB (91.0%)
2023-03-07 11:21:55.773 [ INFO] -  11.1 MB (92.2%)
2023-03-07 11:21:55.789 [ INFO] -  11.1 MB (93.4%)
2023-03-07 11:21:55.789 [ INFO] -  11.1 MB (94.6%)
2023-03-07 11:21:56.003 [ INFO] -  11.1 MB (95.7%)
2023-03-07 11:21:56.018 [ INFO] -  11.1 MB (96.9%)
2023-03-07 11:21:56.018 [ INFO] -  11.1 MB (98.1%)
2023-03-07 11:21:56.018 [ INFO] -  11.1 MB (99.3%)
2023-03-07 11:21:56.018 [ INFO] -  11.1 MB (100.0%)
2023-03-07 11:21:56.018 [ INFO] Processing  time : 0:00:25.552758
2023-03-07 11:21:56.018 [ INFO] Downloading time : 0:00:04.343248
2023-03-07 11:21:56.018 [ INFO] Total time       : 0:00:29.896006
2023-03-07 11:21:56.018 [ INFO] Download rate    : 2.1 MB/s
2023-03-07 11:21:56.018 [ INFO] Done
 -------------------------- MOHID -------------------------
 
       AUTHOR   : IST/MARETEC, Marine Modelling Group      
       WWW      : http://www.mohid.com
 
 
 Copyright (C) 1985, 1998, 2002, 2006.
 Instituto Superior Tecnico, Technical University of Lisbon
 -------------------------- MOHID -------------------------
 
 Constructing ConvertToHDF5
 Please Wait...
 
 Running ConvertToHDF5...
 
 CONVERT NETCDF CF TO HDF5 MOHID                                                
                                                  
 Reading CMEMS_zos.nc
 
 Read Time NetCDF file...
 Read total time
 
 Read Grid NetCDF file...
 
 Writing Grid 3D HDF5 file...
 
 Read Grid 3D NetCDF file...
 
 Writing Grid 3D HDF5 file...
 Grid
 
 Writing Time HDF5 file...
 Reading CMEMS_zos.nc
 
 Read Time NetCDF file...
 Read Write fields
 -------------------------- MOHID -------------------------
 
 Program ConvertToHDF5 successfully terminated
 
 
 Total Elapsed Time     :           0.13   0h  0min  0s

 Total CPU time         :           0.14

 CPU usage (%)          :         107.35

 
 ----------------------------------------------------------
 -------------------------- MOHID -------------------------
 
       AUTHOR   : IST/MARETEC, Marine Modelling Group      
       WWW      : http://www.mohid.com
 
 
 Copyright (C) 1985, 1998, 2002, 2006.
 Instituto Superior Tecnico, Technical University of Lisbon
 -------------------------- MOHID -------------------------
 
 Constructing ConvertToHDF5
 Please Wait...
 
 Running ConvertToHDF5...
 
 CONVERT NETCDF CF TO HDF5 MOHID                                                
                                                  
 Reading CMEMS_cur.nc
 
 Read Time NetCDF file...
 Read total time
 
 Read Grid NetCDF file...
 
 
 Writing Grid 3D HDF5 file...
 
 Read Grid 3D NetCDF file...
 
 Writing Grid 3D HDF5 file...
 Grid
 
 Writing Time HDF5 file...
 Reading CMEMS_cur.nc
 
 Read Time NetCDF file...
 Write depth
 Read Write fields
 -------------------------- MOHID -------------------------
 
 Program ConvertToHDF5 successfully terminated
 
 
 Total Elapsed Time     :           3.08   0h  0min  3s

 Total CPU time         :           3.02

 CPU usage (%)          :          97.81

 
 ----------------------------------------------------------
 -------------------------- MOHID -------------------------
 
       AUTHOR   : IST/MARETEC, Marine Modelling Group      
       WWW      : http://www.mohid.com
 
 
 Copyright (C) 1985, 1998, 2002, 2006.
 Instituto Superior Tecnico, Technical University of Lisbon
 -------------------------- MOHID -------------------------
 
 Constructing ConvertToHDF5
 Please Wait...
 
 Running ConvertToHDF5...
 
 CONVERT NETCDF CF TO HDF5 MOHID                                                
                                                  
 Reading CMEMS_so.nc
 
 Read Time NetCDF file...
 Read total time
 
 Read Grid NetCDF file...
 
 
 Writing Grid 3D HDF5 file...
 
 Read Grid 3D NetCDF file...
 
 Writing Grid 3D HDF5 file...
 Grid
 
 Writing Time HDF5 file...
 Reading CMEMS_so.nc
 
 Read Time NetCDF file...
 Write depth
 Read Write fields
 -------------------------- MOHID -------------------------
 
 Program ConvertToHDF5 successfully terminated
 
 
 Total Elapsed Time     :           1.72   0h  0min  1s

 Total CPU time         :           1.70

 CPU usage (%)          :          99.08

 
 ----------------------------------------------------------
 -------------------------- MOHID -------------------------
 
       AUTHOR   : IST/MARETEC, Marine Modelling Group      
       WWW      : http://www.mohid.com
 
 
 Copyright (C) 1985, 1998, 2002, 2006.
 Instituto Superior Tecnico, Technical University of Lisbon
 -------------------------- MOHID -------------------------
 
 Constructing ConvertToHDF5
 Please Wait...
 
 Running ConvertToHDF5...
 
 CONVERT NETCDF CF TO HDF5 MOHID                                                
                                                  
 Reading CMEMS_thetao.nc
 
 Read Time NetCDF file...
 Read total time
 
 Read Grid NetCDF file...
 
 
 Writing Grid 3D HDF5 file...
 
 Read Grid 3D NetCDF file...
 
 Writing Grid 3D HDF5 file...
 Grid
 
 Writing Time HDF5 file...
 Reading CMEMS_thetao.nc
 
 Read Time NetCDF file...
 Write depth
 Read Write fields
 -------------------------- MOHID -------------------------
 
 Program ConvertToHDF5 successfully terminated
 
 
 Total Elapsed Time     :           1.55   0h  0min  1s

 Total CPU time         :           1.55

 CPU usage (%)          :          99.99

 
 ----------------------------------------------------------
2023-03-07 11:22:03.479 [ INFO] Asynchronous mode set
2023-03-07 11:22:03.481 [ INFO] Authenticating user gfranz for service http://nrt.cmems-du.eu/motu-web/Motu
2023-03-07 11:22:08.345 [ INFO] Requesting file to download (this can take a while)...
2023-03-07 11:22:16.010 [ INFO] Authenticating user gfranz for service https://nrt.cmems-du.eu/motu-web/Motu
2023-03-07 11:22:27.974 [ INFO] The product is ready for download
2023-03-07 11:22:27.974 [ INFO] Downloading file (this can take a while)...
2023-03-07 11:22:29.431 [ INFO] File type: application/x-netcdf
2023-03-07 11:22:29.431 [ INFO] File size: 225.1 kB (225056 B)
2023-03-07 11:22:29.431 [ INFO] Downloading file C:\Aplica_New\CMEMS\GLOBAL_ANALYSISFORECAST_PHY\CMEMS_Download\CMEMS_zos.nc
2023-03-07 11:22:30.159 [ INFO] - 225.1 kB (29.1%)
2023-03-07 11:22:30.545 [ INFO] - 225.1 kB (58.2%)
2023-03-07 11:22:30.931 [ INFO] - 225.1 kB (87.4%)
2023-03-07 11:22:30.931 [ INFO] - 225.1 kB (100.0%)
2023-03-07 11:22:30.931 [ INFO] Processing  time : 0:00:25.952771
2023-03-07 11:22:30.931 [ INFO] Downloading time : 0:00:01.499164
2023-03-07 11:22:30.931 [ INFO] Total time       : 0:00:27.451935
2023-03-07 11:22:30.931 [ INFO] Download rate    : 76.1 kB/s
2023-03-07 11:22:30.931 [ INFO] Done
2023-03-07 11:22:31.434 [ INFO] Asynchronous mode set
2023-03-07 11:22:31.434 [ INFO] Authenticating user gfranz for service http://nrt.cmems-du.eu/motu-web/Motu
2023-03-07 11:22:36.372 [ INFO] Requesting file to download (this can take a while)...
2023-03-07 11:22:43.722 [ INFO] Authenticating user gfranz for service https://nrt.cmems-du.eu/motu-web/Motu
2023-03-07 11:22:55.558 [ INFO] The product is ready for download
2023-03-07 11:22:55.558 [ INFO] Downloading file (this can take a while)...
2023-03-07 11:22:56.561 [ INFO] File type: application/x-netcdf
2023-03-07 11:22:56.561 [ INFO] File size: 22.2 MB (22175480 B)
2023-03-07 11:22:56.561 [ INFO] Downloading file C:\Aplica_New\CMEMS\GLOBAL_ANALYSISFORECAST_PHY\CMEMS_Download\CMEMS_cur.nc
2023-03-07 11:22:57.517 [ INFO] -  22.2 MB (1.2%)
2023-03-07 11:22:58.234 [ INFO] -  22.2 MB (2.4%)
2023-03-07 11:22:58.952 [ INFO] -  22.2 MB (3.5%)
2023-03-07 11:22:59.428 [ INFO] -  22.2 MB (4.7%)
2023-03-07 11:22:59.900 [ INFO] -  22.2 MB (5.9%)
2023-03-07 11:23:00.627 [ INFO] -  22.2 MB (7.1%)
2023-03-07 11:23:01.097 [ INFO] -  22.2 MB (8.3%)
2023-03-07 11:23:01.576 [ INFO] -  22.2 MB (9.5%)
2023-03-07 11:23:02.061 [ INFO] -  22.2 MB (10.6%)
2023-03-07 11:23:02.779 [ INFO] -  22.2 MB (11.8%)
2023-03-07 11:23:03.249 [ INFO] -  22.2 MB (13.0%)
2023-03-07 11:23:03.735 [ INFO] -  22.2 MB (14.2%)
2023-03-07 11:23:04.205 [ INFO] -  22.2 MB (15.4%)
2023-03-07 11:23:04.684 [ INFO] -  22.2 MB (16.5%)
2023-03-07 11:23:05.171 [ INFO] -  22.2 MB (17.7%)
2023-03-07 11:23:05.639 [ INFO] -  22.2 MB (18.9%)
2023-03-07 11:23:05.886 [ INFO] -  22.2 MB (20.1%)
2023-03-07 11:23:06.357 [ INFO] -  22.2 MB (21.3%)
2023-03-07 11:23:06.609 [ INFO] -  22.2 MB (22.5%)
2023-03-07 11:23:07.074 [ INFO] -  22.2 MB (23.6%)
2023-03-07 11:23:07.321 [ INFO] -  22.2 MB (24.8%)
2023-03-07 11:23:07.564 [ INFO] -  22.2 MB (26.0%)
2023-03-07 11:23:07.801 [ INFO] -  22.2 MB (27.2%)
2023-03-07 11:23:08.033 [ INFO] -  22.2 MB (28.4%)
2023-03-07 11:23:08.280 [ INFO] -  22.2 MB (29.6%)
2023-03-07 11:23:08.518 [ INFO] -  22.2 MB (30.7%)
2023-03-07 11:23:08.750 [ INFO] -  22.2 MB (31.9%)
2023-03-07 11:23:08.750 [ INFO] -  22.2 MB (33.1%)
2023-03-07 11:23:08.989 [ INFO] -  22.2 MB (34.3%)
2023-03-07 11:23:09.236 [ INFO] -  22.2 MB (35.5%)
2023-03-07 11:23:09.236 [ INFO] -  22.2 MB (36.6%)
2023-03-07 11:23:09.468 [ INFO] -  22.2 MB (37.8%)
2023-03-07 11:23:09.706 [ INFO] -  22.2 MB (39.0%)
2023-03-07 11:23:09.706 [ INFO] -  22.2 MB (40.2%)
2023-03-07 11:23:09.954 [ INFO] -  22.2 MB (41.4%)
2023-03-07 11:23:09.954 [ INFO] -  22.2 MB (42.6%)
2023-03-07 11:23:10.192 [ INFO] -  22.2 MB (43.7%)
2023-03-07 11:23:10.192 [ INFO] -  22.2 MB (44.9%)
2023-03-07 11:23:10.424 [ INFO] -  22.2 MB (46.1%)
2023-03-07 11:23:10.440 [ INFO] -  22.2 MB (47.3%)
2023-03-07 11:23:10.671 [ INFO] -  22.2 MB (48.5%)
2023-03-07 11:23:10.671 [ INFO] -  22.2 MB (49.6%)
2023-03-07 11:23:10.899 [ INFO] -  22.2 MB (50.8%)
2023-03-07 11:23:10.914 [ INFO] -  22.2 MB (52.0%)
2023-03-07 11:23:11.146 [ INFO] -  22.2 MB (53.2%)
2023-03-07 11:23:11.146 [ INFO] -  22.2 MB (54.4%)
2023-03-07 11:23:11.146 [ INFO] -  22.2 MB (55.6%)
2023-03-07 11:23:11.378 [ INFO] -  22.2 MB (56.7%)
2023-03-07 11:23:11.394 [ INFO] -  22.2 MB (57.9%)
2023-03-07 11:23:11.616 [ INFO] -  22.2 MB (59.1%)
2023-03-07 11:23:11.632 [ INFO] -  22.2 MB (60.3%)
2023-03-07 11:23:11.632 [ INFO] -  22.2 MB (61.5%)
2023-03-07 11:23:11.864 [ INFO] -  22.2 MB (62.7%)
2023-03-07 11:23:11.864 [ INFO] -  22.2 MB (63.8%)
2023-03-07 11:23:11.864 [ INFO] -  22.2 MB (65.0%)
2023-03-07 11:23:12.105 [ INFO] -  22.2 MB (66.2%)
2023-03-07 11:23:12.105 [ INFO] -  22.2 MB (67.4%)
2023-03-07 11:23:12.105 [ INFO] -  22.2 MB (68.6%)
2023-03-07 11:23:12.333 [ INFO] -  22.2 MB (69.7%)
2023-03-07 11:23:12.349 [ INFO] -  22.2 MB (70.9%)
2023-03-07 11:23:12.349 [ INFO] -  22.2 MB (72.1%)
2023-03-07 11:23:12.580 [ INFO] -  22.2 MB (73.3%)
2023-03-07 11:23:12.586 [ INFO] -  22.2 MB (74.5%)
2023-03-07 11:23:12.588 [ INFO] -  22.2 MB (75.7%)
2023-03-07 11:23:12.588 [ INFO] -  22.2 MB (76.8%)
2023-03-07 11:23:12.817 [ INFO] -  22.2 MB (78.0%)
2023-03-07 11:23:12.817 [ INFO] -  22.2 MB (79.2%)
2023-03-07 11:23:12.817 [ INFO] -  22.2 MB (80.4%)
2023-03-07 11:23:12.895 [ INFO] -  22.2 MB (81.6%)
2023-03-07 11:23:13.065 [ INFO] -  22.2 MB (82.7%)
2023-03-07 11:23:13.065 [ INFO] -  22.2 MB (83.9%)
2023-03-07 11:23:13.065 [ INFO] -  22.2 MB (85.1%)
2023-03-07 11:23:13.297 [ INFO] -  22.2 MB (86.3%)
2023-03-07 11:23:13.297 [ INFO] -  22.2 MB (87.5%)
2023-03-07 11:23:13.297 [ INFO] -  22.2 MB (88.7%)
2023-03-07 11:23:13.312 [ INFO] -  22.2 MB (89.8%)
2023-03-07 11:23:13.381 [ INFO] -  22.2 MB (91.0%)
2023-03-07 11:23:13.535 [ INFO] -  22.2 MB (92.2%)
2023-03-07 11:23:13.535 [ INFO] -  22.2 MB (93.4%)
2023-03-07 11:23:13.551 [ INFO] -  22.2 MB (94.6%)
2023-03-07 11:23:13.551 [ INFO] -  22.2 MB (95.8%)
2023-03-07 11:23:13.767 [ INFO] -  22.2 MB (96.9%)
2023-03-07 11:23:13.782 [ INFO] -  22.2 MB (98.1%)
2023-03-07 11:23:13.782 [ INFO] -  22.2 MB (99.3%)
2023-03-07 11:23:13.782 [ INFO] -  22.2 MB (100.0%)
2023-03-07 11:23:13.782 [ INFO] Processing  time : 0:00:25.126794
2023-03-07 11:23:13.782 [ INFO] Downloading time : 0:00:17.221485
2023-03-07 11:23:13.782 [ INFO] Total time       : 0:00:42.348279
2023-03-07 11:23:13.782 [ INFO] Download rate    : 1.2 MB/s
2023-03-07 11:23:13.782 [ INFO] Done
2023-03-07 11:23:14.284 [ INFO] Asynchronous mode set
2023-03-07 11:23:14.284 [ INFO] Authenticating user gfranz for service http://nrt.cmems-du.eu/motu-web/Motu
2023-03-07 11:23:19.131 [ INFO] Requesting file to download (this can take a while)...
2023-03-07 11:23:27.094 [ INFO] Authenticating user gfranz for service https://nrt.cmems-du.eu/motu-web/Motu
2023-03-07 11:23:39.353 [ INFO] The product is ready for download
2023-03-07 11:23:39.353 [ INFO] Downloading file (this can take a while)...
2023-03-07 11:23:40.367 [ INFO] File type: application/x-netcdf
2023-03-07 11:23:40.367 [ INFO] File size: 11.1 MB (11089532 B)
2023-03-07 11:23:40.367 [ INFO] Downloading file C:\Aplica_New\CMEMS\GLOBAL_ANALYSISFORECAST_PHY\CMEMS_Download\CMEMS_so.nc
2023-03-07 11:23:41.094 [ INFO] -  11.1 MB (1.2%)
2023-03-07 11:23:41.329 [ INFO] -  11.1 MB (2.4%)
2023-03-07 11:23:41.329 [ INFO] -  11.1 MB (3.5%)
2023-03-07 11:23:41.576 [ INFO] -  11.1 MB (4.7%)
2023-03-07 11:23:41.576 [ INFO] -  11.1 MB (5.9%)
2023-03-07 11:23:41.820 [ INFO] -  11.1 MB (7.1%)
2023-03-07 11:23:41.822 [ INFO] -  11.1 MB (8.3%)
2023-03-07 11:23:42.054 [ INFO] -  11.1 MB (9.5%)
2023-03-07 11:23:42.054 [ INFO] -  11.1 MB (10.6%)
2023-03-07 11:23:42.054 [ INFO] -  11.1 MB (11.8%)
2023-03-07 11:23:42.054 [ INFO] -  11.1 MB (13.0%)
2023-03-07 11:23:42.303 [ INFO] -  11.1 MB (14.2%)
2023-03-07 11:23:42.303 [ INFO] -  11.1 MB (15.4%)
2023-03-07 11:23:42.303 [ INFO] -  11.1 MB (16.5%)
2023-03-07 11:23:42.303 [ INFO] -  11.1 MB (17.7%)
2023-03-07 11:23:42.303 [ INFO] -  11.1 MB (18.9%)
2023-03-07 11:23:42.542 [ INFO] -  11.1 MB (20.1%)
2023-03-07 11:23:42.542 [ INFO] -  11.1 MB (21.3%)
2023-03-07 11:23:42.542 [ INFO] -  11.1 MB (22.5%)
2023-03-07 11:23:42.542 [ INFO] -  11.1 MB (23.6%)
2023-03-07 11:23:42.542 [ INFO] -  11.1 MB (24.8%)
2023-03-07 11:23:42.774 [ INFO] -  11.1 MB (26.0%)
2023-03-07 11:23:42.774 [ INFO] -  11.1 MB (27.2%)
2023-03-07 11:23:42.789 [ INFO] -  11.1 MB (28.4%)
2023-03-07 11:23:42.789 [ INFO] -  11.1 MB (29.5%)
2023-03-07 11:23:42.789 [ INFO] -  11.1 MB (30.7%)
2023-03-07 11:23:42.789 [ INFO] -  11.1 MB (31.9%)
2023-03-07 11:23:43.028 [ INFO] -  11.1 MB (33.1%)
2023-03-07 11:23:43.028 [ INFO] -  11.1 MB (34.3%)
2023-03-07 11:23:43.028 [ INFO] -  11.1 MB (35.5%)
2023-03-07 11:23:43.028 [ INFO] -  11.1 MB (36.6%)
2023-03-07 11:23:43.028 [ INFO] -  11.1 MB (37.8%)
2023-03-07 11:23:43.028 [ INFO] -  11.1 MB (39.0%)
2023-03-07 11:23:43.259 [ INFO] -  11.1 MB (40.2%)
2023-03-07 11:23:43.259 [ INFO] -  11.1 MB (41.4%)
2023-03-07 11:23:43.259 [ INFO] -  11.1 MB (42.5%)
2023-03-07 11:23:43.275 [ INFO] -  11.1 MB (43.7%)
2023-03-07 11:23:43.275 [ INFO] -  11.1 MB (44.9%)
2023-03-07 11:23:43.275 [ INFO] -  11.1 MB (46.1%)
2023-03-07 11:23:43.507 [ INFO] -  11.1 MB (47.3%)
2023-03-07 11:23:43.507 [ INFO] -  11.1 MB (48.5%)
2023-03-07 11:23:43.507 [ INFO] -  11.1 MB (49.6%)
2023-03-07 11:23:43.507 [ INFO] -  11.1 MB (50.8%)
2023-03-07 11:23:43.507 [ INFO] -  11.1 MB (52.0%)
2023-03-07 11:23:43.507 [ INFO] -  11.1 MB (53.2%)
2023-03-07 11:23:43.507 [ INFO] -  11.1 MB (54.4%)
2023-03-07 11:23:43.745 [ INFO] -  11.1 MB (55.6%)
2023-03-07 11:23:43.745 [ INFO] -  11.1 MB (56.7%)
2023-03-07 11:23:43.745 [ INFO] -  11.1 MB (57.9%)
2023-03-07 11:23:43.745 [ INFO] -  11.1 MB (59.1%)
2023-03-07 11:23:43.745 [ INFO] -  11.1 MB (60.3%)
2023-03-07 11:23:43.761 [ INFO] -  11.1 MB (61.5%)
2023-03-07 11:23:43.761 [ INFO] -  11.1 MB (62.6%)
2023-03-07 11:23:43.761 [ INFO] -  11.1 MB (63.8%)
2023-03-07 11:23:43.993 [ INFO] -  11.1 MB (65.0%)
2023-03-07 11:23:43.993 [ INFO] -  11.1 MB (66.2%)
2023-03-07 11:23:43.993 [ INFO] -  11.1 MB (67.4%)
2023-03-07 11:23:43.993 [ INFO] -  11.1 MB (68.6%)
2023-03-07 11:23:43.993 [ INFO] -  11.1 MB (69.7%)
2023-03-07 11:23:43.993 [ INFO] -  11.1 MB (70.9%)
2023-03-07 11:23:43.993 [ INFO] -  11.1 MB (72.1%)
2023-03-07 11:23:43.993 [ INFO] -  11.1 MB (73.3%)
2023-03-07 11:23:44.231 [ INFO] -  11.1 MB (74.5%)
2023-03-07 11:23:44.231 [ INFO] -  11.1 MB (75.6%)
2023-03-07 11:23:44.231 [ INFO] -  11.1 MB (76.8%)
2023-03-07 11:23:44.231 [ INFO] -  11.1 MB (78.0%)
2023-03-07 11:23:44.231 [ INFO] -  11.1 MB (79.2%)
2023-03-07 11:23:44.231 [ INFO] -  11.1 MB (80.4%)
2023-03-07 11:23:44.247 [ INFO] -  11.1 MB (81.6%)
2023-03-07 11:23:44.247 [ INFO] -  11.1 MB (82.7%)
2023-03-07 11:23:44.462 [ INFO] -  11.1 MB (83.9%)
2023-03-07 11:23:44.478 [ INFO] -  11.1 MB (85.1%)
2023-03-07 11:23:44.478 [ INFO] -  11.1 MB (86.3%)
2023-03-07 11:23:44.478 [ INFO] -  11.1 MB (87.5%)
2023-03-07 11:23:44.478 [ INFO] -  11.1 MB (88.6%)
2023-03-07 11:23:44.478 [ INFO] -  11.1 MB (89.8%)
2023-03-07 11:23:44.478 [ INFO] -  11.1 MB (91.0%)
2023-03-07 11:23:44.478 [ INFO] -  11.1 MB (92.2%)
2023-03-07 11:23:44.478 [ INFO] -  11.1 MB (93.4%)
2023-03-07 11:23:44.711 [ INFO] -  11.1 MB (94.6%)
2023-03-07 11:23:44.711 [ INFO] -  11.1 MB (95.7%)
2023-03-07 11:23:44.711 [ INFO] -  11.1 MB (96.9%)
2023-03-07 11:23:44.711 [ INFO] -  11.1 MB (98.1%)
2023-03-07 11:23:44.711 [ INFO] -  11.1 MB (99.3%)
2023-03-07 11:23:44.726 [ INFO] -  11.1 MB (100.0%)
2023-03-07 11:23:44.726 [ INFO] Processing  time : 0:00:26.083064
2023-03-07 11:23:44.726 [ INFO] Downloading time : 0:00:04.359298
2023-03-07 11:23:44.726 [ INFO] Total time       : 0:00:30.442362
2023-03-07 11:23:44.726 [ INFO] Download rate    : 2.1 MB/s
2023-03-07 11:23:44.726 [ INFO] Done
2023-03-07 11:23:45.227 [ INFO] Asynchronous mode set
2023-03-07 11:23:45.227 [ INFO] Authenticating user gfranz for service http://nrt.cmems-du.eu/motu-web/Motu
2023-03-07 11:23:50.845 [ INFO] Requesting file to download (this can take a while)...
2023-03-07 11:23:57.936 [ INFO] Authenticating user gfranz for service https://nrt.cmems-du.eu/motu-web/Motu
2023-03-07 11:24:10.292 [ INFO] The product is ready for download
2023-03-07 11:24:10.292 [ INFO] Downloading file (this can take a while)...
2023-03-07 11:24:11.298 [ INFO] File type: application/x-netcdf
2023-03-07 11:24:11.298 [ INFO] File size: 11.1 MB (11089556 B)
2023-03-07 11:24:11.298 [ INFO] Downloading file C:\Aplica_New\CMEMS\GLOBAL_ANALYSISFORECAST_PHY\CMEMS_Download\CMEMS_thetao.nc
2023-03-07 11:24:12.000 [ INFO] -  11.1 MB (1.2%)
2023-03-07 11:24:12.247 [ INFO] -  11.1 MB (2.4%)
2023-03-07 11:24:12.247 [ INFO] -  11.1 MB (3.5%)
2023-03-07 11:24:12.486 [ INFO] -  11.1 MB (4.7%)
2023-03-07 11:24:12.486 [ INFO] -  11.1 MB (5.9%)
2023-03-07 11:24:12.718 [ INFO] -  11.1 MB (7.1%)
2023-03-07 11:24:12.733 [ INFO] -  11.1 MB (8.3%)
2023-03-07 11:24:12.965 [ INFO] -  11.1 MB (9.5%)
2023-03-07 11:24:12.981 [ INFO] -  11.1 MB (10.6%)
2023-03-07 11:24:12.981 [ INFO] -  11.1 MB (11.8%)
2023-03-07 11:24:13.451 [ INFO] -  11.1 MB (13.0%)
2023-03-07 11:24:13.451 [ INFO] -  11.1 MB (14.2%)
2023-03-07 11:24:13.451 [ INFO] -  11.1 MB (15.4%)
2023-03-07 11:24:13.451 [ INFO] -  11.1 MB (16.5%)
2023-03-07 11:24:13.451 [ INFO] -  11.1 MB (17.7%)
2023-03-07 11:24:13.451 [ INFO] -  11.1 MB (18.9%)
2023-03-07 11:24:13.467 [ INFO] -  11.1 MB (20.1%)
2023-03-07 11:24:13.683 [ INFO] -  11.1 MB (21.3%)
2023-03-07 11:24:13.689 [ INFO] -  11.1 MB (22.5%)
2023-03-07 11:24:13.689 [ INFO] -  11.1 MB (23.6%)
2023-03-07 11:24:13.921 [ INFO] -  11.1 MB (24.8%)
2023-03-07 11:24:13.921 [ INFO] -  11.1 MB (26.0%)
2023-03-07 11:24:13.937 [ INFO] -  11.1 MB (27.2%)
2023-03-07 11:24:13.937 [ INFO] -  11.1 MB (28.4%)
2023-03-07 11:24:14.153 [ INFO] -  11.1 MB (29.5%)
2023-03-07 11:24:14.169 [ INFO] -  11.1 MB (30.7%)
2023-03-07 11:24:14.169 [ INFO] -  11.1 MB (31.9%)
2023-03-07 11:24:14.169 [ INFO] -  11.1 MB (33.1%)
2023-03-07 11:24:14.391 [ INFO] -  11.1 MB (34.3%)
2023-03-07 11:24:14.407 [ INFO] -  11.1 MB (35.5%)
2023-03-07 11:24:14.407 [ INFO] -  11.1 MB (36.6%)
2023-03-07 11:24:14.639 [ INFO] -  11.1 MB (37.8%)
2023-03-07 11:24:14.639 [ INFO] -  11.1 MB (39.0%)
2023-03-07 11:24:14.639 [ INFO] -  11.1 MB (40.2%)
2023-03-07 11:24:14.655 [ INFO] -  11.1 MB (41.4%)
2023-03-07 11:24:14.871 [ INFO] -  11.1 MB (42.5%)
2023-03-07 11:24:14.871 [ INFO] -  11.1 MB (43.7%)
2023-03-07 11:24:14.886 [ INFO] -  11.1 MB (44.9%)
2023-03-07 11:24:14.893 [ INFO] -  11.1 MB (46.1%)
2023-03-07 11:24:14.893 [ INFO] -  11.1 MB (47.3%)
2023-03-07 11:24:15.109 [ INFO] -  11.1 MB (48.5%)
2023-03-07 11:24:15.125 [ INFO] -  11.1 MB (49.6%)
2023-03-07 11:24:15.125 [ INFO] -  11.1 MB (50.8%)
2023-03-07 11:24:15.125 [ INFO] -  11.1 MB (52.0%)
2023-03-07 11:24:15.357 [ INFO] -  11.1 MB (53.2%)
2023-03-07 11:24:15.357 [ INFO] -  11.1 MB (54.4%)
2023-03-07 11:24:15.357 [ INFO] -  11.1 MB (55.6%)
2023-03-07 11:24:15.372 [ INFO] -  11.1 MB (56.7%)
2023-03-07 11:24:15.595 [ INFO] -  11.1 MB (57.9%)
2023-03-07 11:24:15.595 [ INFO] -  11.1 MB (59.1%)
2023-03-07 11:24:15.595 [ INFO] -  11.1 MB (60.3%)
2023-03-07 11:24:15.611 [ INFO] -  11.1 MB (61.5%)
2023-03-07 11:24:15.827 [ INFO] -  11.1 MB (62.6%)
2023-03-07 11:24:15.827 [ INFO] -  11.1 MB (63.8%)
2023-03-07 11:24:15.842 [ INFO] -  11.1 MB (65.0%)
2023-03-07 11:24:15.842 [ INFO] -  11.1 MB (66.2%)
2023-03-07 11:24:15.842 [ INFO] -  11.1 MB (67.4%)
2023-03-07 11:24:16.074 [ INFO] -  11.1 MB (68.6%)
2023-03-07 11:24:16.074 [ INFO] -  11.1 MB (69.7%)
2023-03-07 11:24:16.074 [ INFO] -  11.1 MB (70.9%)
2023-03-07 11:24:16.074 [ INFO] -  11.1 MB (72.1%)
2023-03-07 11:24:16.313 [ INFO] -  11.1 MB (73.3%)
2023-03-07 11:24:16.560 [ INFO] -  11.1 MB (74.5%)
2023-03-07 11:24:16.560 [ INFO] -  11.1 MB (75.6%)
2023-03-07 11:24:16.560 [ INFO] -  11.1 MB (76.8%)
2023-03-07 11:24:16.560 [ INFO] -  11.1 MB (78.0%)
2023-03-07 11:24:16.560 [ INFO] -  11.1 MB (79.2%)
2023-03-07 11:24:16.560 [ INFO] -  11.1 MB (80.4%)
2023-03-07 11:24:16.560 [ INFO] -  11.1 MB (81.6%)
2023-03-07 11:24:16.792 [ INFO] -  11.1 MB (82.7%)
2023-03-07 11:24:16.800 [ INFO] -  11.1 MB (83.9%)
2023-03-07 11:24:16.800 [ INFO] -  11.1 MB (85.1%)
2023-03-07 11:24:17.032 [ INFO] -  11.1 MB (86.3%)
2023-03-07 11:24:17.032 [ INFO] -  11.1 MB (87.5%)
2023-03-07 11:24:17.032 [ INFO] -  11.1 MB (88.6%)
2023-03-07 11:24:17.032 [ INFO] -  11.1 MB (89.8%)
2023-03-07 11:24:17.270 [ INFO] -  11.1 MB (91.0%)
2023-03-07 11:24:17.270 [ INFO] -  11.1 MB (92.2%)
2023-03-07 11:24:17.270 [ INFO] -  11.1 MB (93.4%)
2023-03-07 11:24:17.502 [ INFO] -  11.1 MB (94.6%)
2023-03-07 11:24:17.517 [ INFO] -  11.1 MB (95.7%)
2023-03-07 11:24:17.517 [ INFO] -  11.1 MB (96.9%)
2023-03-07 11:24:17.517 [ INFO] -  11.1 MB (98.1%)
2023-03-07 11:24:17.749 [ INFO] -  11.1 MB (99.3%)
2023-03-07 11:24:17.749 [ INFO] -  11.1 MB (100.0%)
2023-03-07 11:24:17.749 [ INFO] Processing  time : 0:00:26.070441
2023-03-07 11:24:17.749 [ INFO] Downloading time : 0:00:06.451311
2023-03-07 11:24:17.749 [ INFO] Total time       : 0:00:32.521752
2023-03-07 11:24:17.749 [ INFO] Download rate    : 1.5 MB/s
2023-03-07 11:24:17.749 [ INFO] Done
 -------------------------- MOHID -------------------------
 
       AUTHOR   : IST/MARETEC, Marine Modelling Group      
       WWW      : http://www.mohid.com
 
 
 Copyright (C) 1985, 1998, 2002, 2006.
 Instituto Superior Tecnico, Technical University of Lisbon
 -------------------------- MOHID -------------------------
 
 Constructing ConvertToHDF5
 Please Wait...
 
 Running ConvertToHDF5...
 
 CONVERT NETCDF CF TO HDF5 MOHID                                                
                                                  
 Reading CMEMS_zos.nc
 
 Read Time NetCDF file...
 Read total time
 
 Read Grid NetCDF file...
 
 Writing Grid 3D HDF5 file...
 
 Read Grid 3D NetCDF file...
 
 Writing Grid 3D HDF5 file...
 Grid
 
 Writing Time HDF5 file...
 Reading CMEMS_zos.nc
 
 Read Time NetCDF file...
 Read Write fields
 -------------------------- MOHID -------------------------
 
 Program ConvertToHDF5 successfully terminated
 
 
 Total Elapsed Time     :           0.12   0h  0min  0s

 Total CPU time         :           0.14

 CPU usage (%)          :         116.22

 
 ----------------------------------------------------------
 -------------------------- MOHID -------------------------
 
       AUTHOR   : IST/MARETEC, Marine Modelling Group      
       WWW      : http://www.mohid.com
 
 
 Copyright (C) 1985, 1998, 2002, 2006.
 Instituto Superior Tecnico, Technical University of Lisbon
 -------------------------- MOHID -------------------------
 
 Constructing ConvertToHDF5
 Please Wait...
 
 Running ConvertToHDF5...
 
 CONVERT NETCDF CF TO HDF5 MOHID                                                
                                                  
 Reading CMEMS_cur.nc
 
 Read Time NetCDF file...
 Read total time
 
 Read Grid NetCDF file...
 
 
 Writing Grid 3D HDF5 file...
 
 Read Grid 3D NetCDF file...
 
 Writing Grid 3D HDF5 file...
 Grid
 
 Writing Time HDF5 file...
 Reading CMEMS_cur.nc
 
 Read Time NetCDF file...
 Write depth
 Read Write fields
 -------------------------- MOHID -------------------------
 
 Program ConvertToHDF5 successfully terminated
 
 
 Total Elapsed Time     :           3.40   0h  0min  3s

 Total CPU time         :           3.03

 CPU usage (%)          :          89.08

 
 ----------------------------------------------------------
 -------------------------- MOHID -------------------------
 
       AUTHOR   : IST/MARETEC, Marine Modelling Group      
       WWW      : http://www.mohid.com
 
 
 Copyright (C) 1985, 1998, 2002, 2006.
 Instituto Superior Tecnico, Technical University of Lisbon
 -------------------------- MOHID -------------------------
 
 Constructing ConvertToHDF5
 Please Wait...
 
 Running ConvertToHDF5...
 
 CONVERT NETCDF CF TO HDF5 MOHID                                                
                                                  
 Reading CMEMS_so.nc
 
 Read Time NetCDF file...
 Read total time
 
 Read Grid NetCDF file...
 
 
 Writing Grid 3D HDF5 file...
 
 Read Grid 3D NetCDF file...
 
 Writing Grid 3D HDF5 file...
 Grid
 
 Writing Time HDF5 file...
 Reading CMEMS_so.nc
 
 Read Time NetCDF file...
 Write depth
 Read Write fields
 -------------------------- MOHID -------------------------
 
 Program ConvertToHDF5 successfully terminated
 
 
 Total Elapsed Time     :           1.74   0h  0min  1s

 Total CPU time         :           1.73

 CPU usage (%)          :          99.73

 
 ----------------------------------------------------------
 -------------------------- MOHID -------------------------
 
       AUTHOR   : IST/MARETEC, Marine Modelling Group      
       WWW      : http://www.mohid.com
 
 
 Copyright (C) 1985, 1998, 2002, 2006.
 Instituto Superior Tecnico, Technical University of Lisbon
 -------------------------- MOHID -------------------------
 
 Constructing ConvertToHDF5
 Please Wait...
 
 Running ConvertToHDF5...
 
 CONVERT NETCDF CF TO HDF5 MOHID                                                
                                                  
 Reading CMEMS_thetao.nc
 
 Read Time NetCDF file...
 Read total time
 
 Read Grid NetCDF file...
 
 
 Writing Grid 3D HDF5 file...
 
 Read Grid 3D NetCDF file...
 
 Writing Grid 3D HDF5 file...
 Grid
 
 Writing Time HDF5 file...
 Reading CMEMS_thetao.nc
 
 Read Time NetCDF file...
 Write depth
 Read Write fields
 -------------------------- MOHID -------------------------
 
 Program ConvertToHDF5 successfully terminated
 
 
 Total Elapsed Time     :           1.59   0h  0min  1s

 Total CPU time         :           1.55

 CPU usage (%)          :          97.17

 
 ----------------------------------------------------------
2023-03-07 11:24:25.572 [ INFO] Asynchronous mode set
2023-03-07 11:24:25.572 [ INFO] Authenticating user gfranz for service http://nrt.cmems-du.eu/motu-web/Motu
2023-03-07 11:24:30.987 [ INFO] Requesting file to download (this can take a while)...
2023-03-07 11:24:38.536 [ INFO] Authenticating user gfranz for service https://nrt.cmems-du.eu/motu-web/Motu
2023-03-07 11:24:50.811 [ INFO] The product is ready for download
2023-03-07 11:24:50.811 [ INFO] Downloading file (this can take a while)...
2023-03-07 11:24:51.789 [ INFO] File type: application/x-netcdf
2023-03-07 11:24:51.789 [ INFO] File size: 225.1 kB (225056 B)
2023-03-07 11:24:51.805 [ INFO] Downloading file C:\Aplica_New\CMEMS\GLOBAL_ANALYSISFORECAST_PHY\CMEMS_Download\CMEMS_zos.nc
2023-03-07 11:24:52.276 [ INFO] - 225.1 kB (29.1%)
2023-03-07 11:24:52.746 [ INFO] - 225.1 kB (58.2%)
2023-03-07 11:24:52.993 [ INFO] - 225.1 kB (87.4%)
2023-03-07 11:24:52.993 [ INFO] - 225.1 kB (100.0%)
2023-03-07 11:24:52.993 [ INFO] Processing  time : 0:00:26.232185
2023-03-07 11:24:52.993 [ INFO] Downloading time : 0:00:01.188653
2023-03-07 11:24:52.993 [ INFO] Total time       : 0:00:27.420838
2023-03-07 11:24:52.993 [ INFO] Download rate    : 103.1 kB/s
2023-03-07 11:24:52.993 [ INFO] Done
2023-03-07 11:24:53.498 [ INFO] Asynchronous mode set
2023-03-07 11:24:53.500 [ INFO] Authenticating user gfranz for service http://nrt.cmems-du.eu/motu-web/Motu
2023-03-07 11:24:58.749 [ INFO] Requesting file to download (this can take a while)...
2023-03-07 11:25:06.067 [ INFO] Authenticating user gfranz for service https://nrt.cmems-du.eu/motu-web/Motu
2023-03-07 11:25:18.474 [ INFO] The product is ready for download
2023-03-07 11:25:18.474 [ INFO] Downloading file (this can take a while)...
2023-03-07 11:25:20.063 [ INFO] File type: application/x-netcdf
2023-03-07 11:25:20.063 [ INFO] File size: 22.2 MB (22175480 B)
2023-03-07 11:25:20.063 [ INFO] Downloading file C:\Aplica_New\CMEMS\GLOBAL_ANALYSISFORECAST_PHY\CMEMS_Download\CMEMS_cur.nc
2023-03-07 11:25:22.385 [ INFO] -  22.2 MB (1.2%)
2023-03-07 11:25:24.245 [ INFO] -  22.2 MB (2.4%)
2023-03-07 11:25:25.753 [ INFO] -  22.2 MB (3.5%)
2023-03-07 11:25:26.973 [ INFO] -  22.2 MB (4.7%)
2023-03-07 11:25:28.360 [ INFO] -  22.2 MB (5.9%)
2023-03-07 11:25:29.428 [ INFO] -  22.2 MB (7.1%)
2023-03-07 11:25:30.535 [ INFO] -  22.2 MB (8.3%)
2023-03-07 11:25:31.660 [ INFO] -  22.2 MB (9.5%)
2023-03-07 11:25:32.763 [ INFO] -  22.2 MB (10.6%)
2023-03-07 11:25:33.543 [ INFO] -  22.2 MB (11.8%)
2023-03-07 11:25:34.254 [ INFO] -  22.2 MB (13.0%)
2023-03-07 11:25:34.601 [ INFO] -  22.2 MB (14.2%)
2023-03-07 11:25:35.009 [ INFO] -  22.2 MB (15.4%)
2023-03-07 11:25:35.626 [ INFO] -  22.2 MB (16.5%)
2023-03-07 11:25:35.996 [ INFO] -  22.2 MB (17.7%)
2023-03-07 11:25:36.381 [ INFO] -  22.2 MB (18.9%)
2023-03-07 11:25:36.397 [ INFO] -  22.2 MB (20.1%)
2023-03-07 11:25:36.767 [ INFO] -  22.2 MB (21.3%)
2023-03-07 11:25:37.152 [ INFO] -  22.2 MB (22.5%)
2023-03-07 11:25:37.537 [ INFO] -  22.2 MB (23.6%)
2023-03-07 11:25:37.553 [ INFO] -  22.2 MB (24.8%)
2023-03-07 11:25:37.923 [ INFO] -  22.2 MB (26.0%)
2023-03-07 11:25:37.939 [ INFO] -  22.2 MB (27.2%)
2023-03-07 11:25:38.318 [ INFO] -  22.2 MB (28.4%)
2023-03-07 11:25:38.318 [ INFO] -  22.2 MB (29.6%)
2023-03-07 11:25:38.703 [ INFO] -  22.2 MB (30.7%)
2023-03-07 11:25:38.719 [ INFO] -  22.2 MB (31.9%)
2023-03-07 11:25:39.086 [ INFO] -  22.2 MB (33.1%)
2023-03-07 11:25:39.093 [ INFO] -  22.2 MB (34.3%)
2023-03-07 11:25:39.093 [ INFO] -  22.2 MB (35.5%)
2023-03-07 11:25:39.478 [ INFO] -  22.2 MB (36.6%)
2023-03-07 11:25:39.478 [ INFO] -  22.2 MB (37.8%)
2023-03-07 11:25:39.563 [ INFO] -  22.2 MB (39.0%)
2023-03-07 11:25:39.863 [ INFO] -  22.2 MB (40.2%)
2023-03-07 11:25:39.879 [ INFO] -  22.2 MB (41.4%)
2023-03-07 11:25:39.879 [ INFO] -  22.2 MB (42.6%)
2023-03-07 11:25:40.239 [ INFO] -  22.2 MB (43.7%)
2023-03-07 11:25:40.239 [ INFO] -  22.2 MB (44.9%)
2023-03-07 11:25:40.239 [ INFO] -  22.2 MB (46.1%)
2023-03-07 11:25:40.602 [ INFO] -  22.2 MB (47.3%)
2023-03-07 11:25:40.618 [ INFO] -  22.2 MB (48.5%)
2023-03-07 11:25:40.624 [ INFO] -  22.2 MB (49.6%)
2023-03-07 11:25:40.624 [ INFO] -  22.2 MB (50.8%)
2023-03-07 11:25:40.988 [ INFO] -  22.2 MB (52.0%)
2023-03-07 11:25:41.003 [ INFO] -  22.2 MB (53.2%)
2023-03-07 11:25:41.003 [ INFO] -  22.2 MB (54.4%)
2023-03-07 11:25:41.019 [ INFO] -  22.2 MB (55.6%)
2023-03-07 11:25:41.389 [ INFO] -  22.2 MB (56.7%)
2023-03-07 11:25:41.405 [ INFO] -  22.2 MB (57.9%)
2023-03-07 11:25:41.405 [ INFO] -  22.2 MB (59.1%)
2023-03-07 11:25:41.405 [ INFO] -  22.2 MB (60.3%)
2023-03-07 11:25:42.107 [ INFO] -  22.2 MB (61.5%)
2023-03-07 11:25:42.107 [ INFO] -  22.2 MB (62.7%)
2023-03-07 11:25:42.122 [ INFO] -  22.2 MB (63.8%)
2023-03-07 11:25:42.122 [ INFO] -  22.2 MB (65.0%)
2023-03-07 11:25:42.131 [ INFO] -  22.2 MB (66.2%)
2023-03-07 11:25:42.131 [ INFO] -  22.2 MB (67.4%)
2023-03-07 11:25:42.131 [ INFO] -  22.2 MB (68.6%)
2023-03-07 11:25:42.458 [ INFO] -  22.2 MB (69.7%)
2023-03-07 11:25:42.458 [ INFO] -  22.2 MB (70.9%)
2023-03-07 11:25:42.458 [ INFO] -  22.2 MB (72.1%)
2023-03-07 11:25:42.458 [ INFO] -  22.2 MB (73.3%)
2023-03-07 11:25:42.796 [ INFO] -  22.2 MB (74.5%)
2023-03-07 11:25:42.812 [ INFO] -  22.2 MB (75.7%)
2023-03-07 11:25:42.812 [ INFO] -  22.2 MB (76.8%)
2023-03-07 11:25:43.160 [ INFO] -  22.2 MB (78.0%)
2023-03-07 11:25:43.160 [ INFO] -  22.2 MB (79.2%)
2023-03-07 11:25:43.160 [ INFO] -  22.2 MB (80.4%)
2023-03-07 11:25:43.175 [ INFO] -  22.2 MB (81.6%)
2023-03-07 11:25:43.539 [ INFO] -  22.2 MB (82.7%)
2023-03-07 11:25:43.539 [ INFO] -  22.2 MB (83.9%)
2023-03-07 11:25:43.539 [ INFO] -  22.2 MB (85.1%)
2023-03-07 11:25:43.554 [ INFO] -  22.2 MB (86.3%)
2023-03-07 11:25:43.918 [ INFO] -  22.2 MB (87.5%)
2023-03-07 11:25:43.924 [ INFO] -  22.2 MB (88.7%)
2023-03-07 11:25:43.926 [ INFO] -  22.2 MB (89.8%)
2023-03-07 11:25:43.934 [ INFO] -  22.2 MB (91.0%)
2023-03-07 11:25:44.285 [ INFO] -  22.2 MB (92.2%)
2023-03-07 11:25:44.301 [ INFO] -  22.2 MB (93.4%)
2023-03-07 11:25:44.301 [ INFO] -  22.2 MB (94.6%)
2023-03-07 11:25:44.301 [ INFO] -  22.2 MB (95.8%)
2023-03-07 11:25:44.671 [ INFO] -  22.2 MB (96.9%)
2023-03-07 11:25:44.671 [ INFO] -  22.2 MB (98.1%)
2023-03-07 11:25:44.686 [ INFO] -  22.2 MB (99.3%)
2023-03-07 11:25:44.686 [ INFO] -  22.2 MB (100.0%)
2023-03-07 11:25:44.686 [ INFO] Processing  time : 0:00:26.564380
2023-03-07 11:25:44.686 [ INFO] Downloading time : 0:00:24.623766
2023-03-07 11:25:44.686 [ INFO] Total time       : 0:00:51.188146
2023-03-07 11:25:44.686 [ INFO] Download rate    : 846.0 kB/s
2023-03-07 11:25:44.686 [ INFO] Done
2023-03-07 11:25:45.190 [ INFO] Asynchronous mode set
2023-03-07 11:25:45.190 [ INFO] Authenticating user gfranz for service http://nrt.cmems-du.eu/motu-web/Motu
2023-03-07 11:25:50.765 [ INFO] Requesting file to download (this can take a while)...
2023-03-07 11:25:58.234 [ INFO] Authenticating user gfranz for service https://nrt.cmems-du.eu/motu-web/Motu
2023-03-07 11:26:10.222 [ INFO] The product is ready for download
2023-03-07 11:26:10.222 [ INFO] Downloading file (this can take a while)...
2023-03-07 11:26:11.200 [ INFO] File type: application/x-netcdf
2023-03-07 11:26:11.200 [ INFO] File size: 11.1 MB (11089532 B)
2023-03-07 11:26:11.200 [ INFO] Downloading file C:\Aplica_New\CMEMS\GLOBAL_ANALYSISFORECAST_PHY\CMEMS_Download\CMEMS_so.nc
2023-03-07 11:26:11.917 [ INFO] -  11.1 MB (1.2%)
2023-03-07 11:26:12.149 [ INFO] -  11.1 MB (2.4%)
2023-03-07 11:26:12.149 [ INFO] -  11.1 MB (3.5%)
2023-03-07 11:26:12.387 [ INFO] -  11.1 MB (4.7%)
2023-03-07 11:26:12.387 [ INFO] -  11.1 MB (5.9%)
2023-03-07 11:26:12.619 [ INFO] -  11.1 MB (7.1%)
2023-03-07 11:26:12.619 [ INFO] -  11.1 MB (8.3%)
2023-03-07 11:26:12.867 [ INFO] -  11.1 MB (9.5%)
2023-03-07 11:26:12.867 [ INFO] -  11.1 MB (10.6%)
2023-03-07 11:26:13.106 [ INFO] -  11.1 MB (11.8%)
2023-03-07 11:26:13.106 [ INFO] -  11.1 MB (13.0%)
2023-03-07 11:26:13.106 [ INFO] -  11.1 MB (14.2%)
2023-03-07 11:26:13.106 [ INFO] -  11.1 MB (15.4%)
2023-03-07 11:26:13.106 [ INFO] -  11.1 MB (16.5%)
2023-03-07 11:26:13.106 [ INFO] -  11.1 MB (17.7%)
2023-03-07 11:26:13.106 [ INFO] -  11.1 MB (18.9%)
2023-03-07 11:26:13.122 [ INFO] -  11.1 MB (20.1%)
2023-03-07 11:26:13.337 [ INFO] -  11.1 MB (21.3%)
2023-03-07 11:26:13.337 [ INFO] -  11.1 MB (22.5%)
2023-03-07 11:26:13.337 [ INFO] -  11.1 MB (23.6%)
2023-03-07 11:26:13.337 [ INFO] -  11.1 MB (24.8%)
2023-03-07 11:26:13.337 [ INFO] -  11.1 MB (26.0%)
2023-03-07 11:26:13.569 [ INFO] -  11.1 MB (27.2%)
2023-03-07 11:26:13.569 [ INFO] -  11.1 MB (28.4%)
2023-03-07 11:26:13.569 [ INFO] -  11.1 MB (29.5%)
2023-03-07 11:26:13.569 [ INFO] -  11.1 MB (30.7%)
2023-03-07 11:26:13.585 [ INFO] -  11.1 MB (31.9%)
2023-03-07 11:26:13.807 [ INFO] -  11.1 MB (33.1%)
2023-03-07 11:26:13.807 [ INFO] -  11.1 MB (34.3%)
2023-03-07 11:26:13.807 [ INFO] -  11.1 MB (35.5%)
2023-03-07 11:26:13.807 [ INFO] -  11.1 MB (36.6%)
2023-03-07 11:26:13.807 [ INFO] -  11.1 MB (37.8%)
2023-03-07 11:26:14.039 [ INFO] -  11.1 MB (39.0%)
2023-03-07 11:26:14.039 [ INFO] -  11.1 MB (40.2%)
2023-03-07 11:26:14.039 [ INFO] -  11.1 MB (41.4%)
2023-03-07 11:26:14.055 [ INFO] -  11.1 MB (42.5%)
2023-03-07 11:26:14.055 [ INFO] -  11.1 MB (43.7%)
2023-03-07 11:26:14.271 [ INFO] -  11.1 MB (44.9%)
2023-03-07 11:26:14.287 [ INFO] -  11.1 MB (46.1%)
2023-03-07 11:26:14.287 [ INFO] -  11.1 MB (47.3%)
2023-03-07 11:26:14.287 [ INFO] -  11.1 MB (48.5%)
2023-03-07 11:26:14.293 [ INFO] -  11.1 MB (49.6%)
2023-03-07 11:26:14.293 [ INFO] -  11.1 MB (50.8%)
2023-03-07 11:26:14.515 [ INFO] -  11.1 MB (52.0%)
2023-03-07 11:26:14.515 [ INFO] -  11.1 MB (53.2%)
2023-03-07 11:26:14.515 [ INFO] -  11.1 MB (54.4%)
2023-03-07 11:26:14.515 [ INFO] -  11.1 MB (55.6%)
2023-03-07 11:26:14.530 [ INFO] -  11.1 MB (56.7%)
2023-03-07 11:26:14.752 [ INFO] -  11.1 MB (57.9%)
2023-03-07 11:26:14.752 [ INFO] -  11.1 MB (59.1%)
2023-03-07 11:26:14.752 [ INFO] -  11.1 MB (60.3%)
2023-03-07 11:26:14.752 [ INFO] -  11.1 MB (61.5%)
2023-03-07 11:26:14.752 [ INFO] -  11.1 MB (62.6%)
2023-03-07 11:26:14.768 [ INFO] -  11.1 MB (63.8%)
2023-03-07 11:26:14.984 [ INFO] -  11.1 MB (65.0%)
2023-03-07 11:26:14.984 [ INFO] -  11.1 MB (66.2%)
2023-03-07 11:26:14.984 [ INFO] -  11.1 MB (67.4%)
2023-03-07 11:26:15.000 [ INFO] -  11.1 MB (68.6%)
2023-03-07 11:26:15.000 [ INFO] -  11.1 MB (69.7%)
2023-03-07 11:26:15.000 [ INFO] -  11.1 MB (70.9%)
2023-03-07 11:26:15.224 [ INFO] -  11.1 MB (72.1%)
2023-03-07 11:26:15.224 [ INFO] -  11.1 MB (73.3%)
2023-03-07 11:26:15.224 [ INFO] -  11.1 MB (74.5%)
2023-03-07 11:26:15.224 [ INFO] -  11.1 MB (75.6%)
2023-03-07 11:26:15.224 [ INFO] -  11.1 MB (76.8%)
2023-03-07 11:26:15.240 [ INFO] -  11.1 MB (78.0%)
2023-03-07 11:26:15.465 [ INFO] -  11.1 MB (79.2%)
2023-03-07 11:26:15.465 [ INFO] -  11.1 MB (80.4%)
2023-03-07 11:26:15.465 [ INFO] -  11.1 MB (81.6%)
2023-03-07 11:26:15.465 [ INFO] -  11.1 MB (82.7%)
2023-03-07 11:26:15.465 [ INFO] -  11.1 MB (83.9%)
2023-03-07 11:26:15.465 [ INFO] -  11.1 MB (85.1%)
2023-03-07 11:26:15.697 [ INFO] -  11.1 MB (86.3%)
2023-03-07 11:26:15.697 [ INFO] -  11.1 MB (87.5%)
2023-03-07 11:26:15.697 [ INFO] -  11.1 MB (88.6%)
2023-03-07 11:26:15.697 [ INFO] -  11.1 MB (89.8%)
2023-03-07 11:26:15.697 [ INFO] -  11.1 MB (91.0%)
2023-03-07 11:26:15.697 [ INFO] -  11.1 MB (92.2%)
2023-03-07 11:26:15.937 [ INFO] -  11.1 MB (93.4%)
2023-03-07 11:26:15.937 [ INFO] -  11.1 MB (94.6%)
2023-03-07 11:26:15.937 [ INFO] -  11.1 MB (95.7%)
2023-03-07 11:26:15.937 [ INFO] -  11.1 MB (96.9%)
2023-03-07 11:26:15.937 [ INFO] -  11.1 MB (98.1%)
2023-03-07 11:26:15.937 [ INFO] -  11.1 MB (99.3%)
2023-03-07 11:26:15.937 [ INFO] -  11.1 MB (100.0%)
2023-03-07 11:26:15.937 [ INFO] Processing  time : 0:00:26.009425
2023-03-07 11:26:15.937 [ INFO] Downloading time : 0:00:04.737262
2023-03-07 11:26:15.937 [ INFO] Total time       : 0:00:30.746687
2023-03-07 11:26:15.937 [ INFO] Download rate    : 1.9 MB/s
2023-03-07 11:26:15.937 [ INFO] Done
2023-03-07 11:26:16.446 [ INFO] Asynchronous mode set
2023-03-07 11:26:16.446 [ INFO] Authenticating user gfranz for service http://nrt.cmems-du.eu/motu-web/Motu
2023-03-07 11:26:21.589 [ INFO] Requesting file to download (this can take a while)...
2023-03-07 11:26:29.065 [ INFO] Authenticating user gfranz for service https://nrt.cmems-du.eu/motu-web/Motu
2023-03-07 11:26:41.405 [ INFO] The product is ready for download
2023-03-07 11:26:41.405 [ INFO] Downloading file (this can take a while)...
2023-03-07 11:26:42.843 [ INFO] File type: application/x-netcdf
2023-03-07 11:26:42.843 [ INFO] File size: 11.1 MB (11089556 B)
2023-03-07 11:26:42.843 [ INFO] Downloading file C:\Aplica_New\CMEMS\GLOBAL_ANALYSISFORECAST_PHY\CMEMS_Download\CMEMS_thetao.nc
2023-03-07 11:26:43.955 [ INFO] -  11.1 MB (1.2%)
2023-03-07 11:26:44.293 [ INFO] -  11.1 MB (2.4%)
2023-03-07 11:26:44.973 [ INFO] -  11.1 MB (3.5%)
2023-03-07 11:26:45.299 [ INFO] -  11.1 MB (4.7%)
2023-03-07 11:26:45.631 [ INFO] -  11.1 MB (5.9%)
2023-03-07 11:26:45.964 [ INFO] -  11.1 MB (7.1%)
2023-03-07 11:26:46.301 [ INFO] -  11.1 MB (8.3%)
2023-03-07 11:26:46.622 [ INFO] -  11.1 MB (9.5%)
2023-03-07 11:26:46.923 [ INFO] -  11.1 MB (10.6%)
2023-03-07 11:26:47.248 [ INFO] -  11.1 MB (11.8%)
2023-03-07 11:26:47.579 [ INFO] -  11.1 MB (13.0%)
2023-03-07 11:26:47.579 [ INFO] -  11.1 MB (14.2%)
2023-03-07 11:26:47.896 [ INFO] -  11.1 MB (15.4%)
2023-03-07 11:26:48.232 [ INFO] -  11.1 MB (16.5%)
2023-03-07 11:26:48.587 [ INFO] -  11.1 MB (17.7%)
2023-03-07 11:26:48.587 [ INFO] -  11.1 MB (18.9%)
2023-03-07 11:26:48.950 [ INFO] -  11.1 MB (20.1%)
2023-03-07 11:26:48.950 [ INFO] -  11.1 MB (21.3%)
2023-03-07 11:26:49.304 [ INFO] -  11.1 MB (22.5%)
2023-03-07 11:26:49.674 [ INFO] -  11.1 MB (23.6%)
2023-03-07 11:26:49.674 [ INFO] -  11.1 MB (24.8%)
2023-03-07 11:26:50.044 [ INFO] -  11.1 MB (26.0%)
2023-03-07 11:26:50.044 [ INFO] -  11.1 MB (27.2%)
2023-03-07 11:26:50.414 [ INFO] -  11.1 MB (28.4%)
2023-03-07 11:26:50.429 [ INFO] -  11.1 MB (29.5%)
2023-03-07 11:26:50.781 [ INFO] -  11.1 MB (30.7%)
2023-03-07 11:26:50.797 [ INFO] -  11.1 MB (31.9%)
2023-03-07 11:26:50.797 [ INFO] -  11.1 MB (33.1%)
2023-03-07 11:26:51.136 [ INFO] -  11.1 MB (34.3%)
2023-03-07 11:26:51.136 [ INFO] -  11.1 MB (35.5%)
2023-03-07 11:26:51.452 [ INFO] -  11.1 MB (36.6%)
2023-03-07 11:26:51.468 [ INFO] -  11.1 MB (37.8%)
2023-03-07 11:26:51.468 [ INFO] -  11.1 MB (39.0%)
2023-03-07 11:26:51.784 [ INFO] -  11.1 MB (40.2%)
2023-03-07 11:26:51.784 [ INFO] -  11.1 MB (41.4%)
2023-03-07 11:26:51.784 [ INFO] -  11.1 MB (42.5%)
2023-03-07 11:26:52.107 [ INFO] -  11.1 MB (43.7%)
2023-03-07 11:26:52.107 [ INFO] -  11.1 MB (44.9%)
2023-03-07 11:26:52.107 [ INFO] -  11.1 MB (46.1%)
2023-03-07 11:26:52.424 [ INFO] -  11.1 MB (47.3%)
2023-03-07 11:26:52.424 [ INFO] -  11.1 MB (48.5%)
2023-03-07 11:26:52.424 [ INFO] -  11.1 MB (49.6%)
2023-03-07 11:26:52.424 [ INFO] -  11.1 MB (50.8%)
2023-03-07 11:26:52.740 [ INFO] -  11.1 MB (52.0%)
2023-03-07 11:26:52.740 [ INFO] -  11.1 MB (53.2%)
2023-03-07 11:26:52.740 [ INFO] -  11.1 MB (54.4%)
2023-03-07 11:26:52.740 [ INFO] -  11.1 MB (55.6%)
2023-03-07 11:26:53.050 [ INFO] -  11.1 MB (56.7%)
2023-03-07 11:26:53.066 [ INFO] -  11.1 MB (57.9%)
2023-03-07 11:26:53.066 [ INFO] -  11.1 MB (59.1%)
2023-03-07 11:26:53.066 [ INFO] -  11.1 MB (60.3%)
2023-03-07 11:26:53.398 [ INFO] -  11.1 MB (61.5%)
2023-03-07 11:26:53.398 [ INFO] -  11.1 MB (62.6%)
2023-03-07 11:26:53.398 [ INFO] -  11.1 MB (63.8%)
2023-03-07 11:26:53.398 [ INFO] -  11.1 MB (65.0%)
2023-03-07 11:26:53.398 [ INFO] -  11.1 MB (66.2%)
2023-03-07 11:26:53.730 [ INFO] -  11.1 MB (67.4%)
2023-03-07 11:26:53.730 [ INFO] -  11.1 MB (68.6%)
2023-03-07 11:26:53.745 [ INFO] -  11.1 MB (69.7%)
2023-03-07 11:26:53.745 [ INFO] -  11.1 MB (70.9%)
2023-03-07 11:26:53.745 [ INFO] -  11.1 MB (72.1%)
2023-03-07 11:26:54.062 [ INFO] -  11.1 MB (73.3%)
2023-03-07 11:26:54.062 [ INFO] -  11.1 MB (74.5%)
2023-03-07 11:26:54.062 [ INFO] -  11.1 MB (75.6%)
2023-03-07 11:26:54.062 [ INFO] -  11.1 MB (76.8%)
2023-03-07 11:26:54.062 [ INFO] -  11.1 MB (78.0%)
2023-03-07 11:26:54.372 [ INFO] -  11.1 MB (79.2%)
2023-03-07 11:26:54.372 [ INFO] -  11.1 MB (80.4%)
2023-03-07 11:26:54.372 [ INFO] -  11.1 MB (81.6%)
2023-03-07 11:26:54.372 [ INFO] -  11.1 MB (82.7%)
2023-03-07 11:26:54.387 [ INFO] -  11.1 MB (83.9%)
2023-03-07 11:26:54.387 [ INFO] -  11.1 MB (85.1%)
2023-03-07 11:26:54.688 [ INFO] -  11.1 MB (86.3%)
2023-03-07 11:26:54.688 [ INFO] -  11.1 MB (87.5%)
2023-03-07 11:26:54.688 [ INFO] -  11.1 MB (88.6%)
2023-03-07 11:26:54.688 [ INFO] -  11.1 MB (89.8%)
2023-03-07 11:26:54.688 [ INFO] -  11.1 MB (91.0%)
2023-03-07 11:26:54.688 [ INFO] -  11.1 MB (92.2%)
2023-03-07 11:26:54.704 [ INFO] -  11.1 MB (93.4%)
2023-03-07 11:26:55.005 [ INFO] -  11.1 MB (94.6%)
2023-03-07 11:26:55.020 [ INFO] -  11.1 MB (95.7%)
2023-03-07 11:26:55.020 [ INFO] -  11.1 MB (96.9%)
2023-03-07 11:26:55.020 [ INFO] -  11.1 MB (98.1%)
2023-03-07 11:26:55.020 [ INFO] -  11.1 MB (99.3%)
2023-03-07 11:26:55.020 [ INFO] -  11.1 MB (100.0%)
2023-03-07 11:26:55.020 [ INFO] Processing  time : 0:00:26.396877
2023-03-07 11:26:55.020 [ INFO] Downloading time : 0:00:12.177473
2023-03-07 11:26:55.020 [ INFO] Total time       : 0:00:38.574350
2023-03-07 11:26:55.020 [ INFO] Download rate    : 814.5 kB/s
2023-03-07 11:26:55.020 [ INFO] Done
 -------------------------- MOHID -------------------------
 
       AUTHOR   : IST/MARETEC, Marine Modelling Group      
       WWW      : http://www.mohid.com
 
 
 Copyright (C) 1985, 1998, 2002, 2006.
 Instituto Superior Tecnico, Technical University of Lisbon
 -------------------------- MOHID -------------------------
 
 Constructing ConvertToHDF5
 Please Wait...
 
 Running ConvertToHDF5...
 
 CONVERT NETCDF CF TO HDF5 MOHID                                                
                                                  
 Reading CMEMS_zos.nc
 
 Read Time NetCDF file...
 Read total time
 
 Read Grid NetCDF file...
 
 Writing Grid 3D HDF5 file...
 
 Read Grid 3D NetCDF file...
 
 Writing Grid 3D HDF5 file...
 Grid
 
 Writing Time HDF5 file...
 Reading CMEMS_zos.nc
 
 Read Time NetCDF file...
 Read Write fields
 -------------------------- MOHID -------------------------
 
 Program ConvertToHDF5 successfully terminated
 
 
 Total Elapsed Time     :           0.14   0h  0min  0s

 Total CPU time         :           0.12

 CPU usage (%)          :          90.58

 
 ----------------------------------------------------------
 -------------------------- MOHID -------------------------
 
       AUTHOR   : IST/MARETEC, Marine Modelling Group      
       WWW      : http://www.mohid.com
 
 
 Copyright (C) 1985, 1998, 2002, 2006.
 Instituto Superior Tecnico, Technical University of Lisbon
 -------------------------- MOHID -------------------------
 
 Constructing ConvertToHDF5
 Please Wait...
 
 Running ConvertToHDF5...
 
 CONVERT NETCDF CF TO HDF5 MOHID                                                
                                                  
 Reading CMEMS_cur.nc
 
 Read Time NetCDF file...
 Read total time
 
 Read Grid NetCDF file...
 
 
 Writing Grid 3D HDF5 file...
 
 Read Grid 3D NetCDF file...
 
 Writing Grid 3D HDF5 file...
 Grid
 
 Writing Time HDF5 file...
 Reading CMEMS_cur.nc
 
 Read Time NetCDF file...
 Write depth
 Read Write fields
 -------------------------- MOHID -------------------------
 
 Program ConvertToHDF5 successfully terminated
 
 
 Total Elapsed Time     :           3.28   0h  0min  3s

 Total CPU time         :           3.02

 CPU usage (%)          :          91.80

 
 ----------------------------------------------------------
 -------------------------- MOHID -------------------------
 
       AUTHOR   : IST/MARETEC, Marine Modelling Group      
       WWW      : http://www.mohid.com
 
 
 Copyright (C) 1985, 1998, 2002, 2006.
 Instituto Superior Tecnico, Technical University of Lisbon
 -------------------------- MOHID -------------------------
 
 Constructing ConvertToHDF5
 Please Wait...
 
 Running ConvertToHDF5...
 
 CONVERT NETCDF CF TO HDF5 MOHID                                                
                                                  
 Reading CMEMS_so.nc
 
 Read Time NetCDF file...
 Read total time
 
 Read Grid NetCDF file...
 
 
 Writing Grid 3D HDF5 file...
 
 Read Grid 3D NetCDF file...
 
 Writing Grid 3D HDF5 file...
 Grid
 
 Writing Time HDF5 file...
 Reading CMEMS_so.nc
 
 Read Time NetCDF file...
 Write depth
 Read Write fields
 -------------------------- MOHID -------------------------
 
 Program ConvertToHDF5 successfully terminated
 
 
 Total Elapsed Time     :           1.81   0h  0min  1s

 Total CPU time         :           1.73

 CPU usage (%)          :          95.98

 
 ----------------------------------------------------------
 -------------------------- MOHID -------------------------
 
       AUTHOR   : IST/MARETEC, Marine Modelling Group      
       WWW      : http://www.mohid.com
 
 
 Copyright (C) 1985, 1998, 2002, 2006.
 Instituto Superior Tecnico, Technical University of Lisbon
 -------------------------- MOHID -------------------------
 
 Constructing ConvertToHDF5
 Please Wait...
 
 Running ConvertToHDF5...
 
 CONVERT NETCDF CF TO HDF5 MOHID                                                
                                                  
 Reading CMEMS_thetao.nc
 
 Read Time NetCDF file...
 Read total time
 
 Read Grid NetCDF file...
 
 
 Writing Grid 3D HDF5 file...
 
 Read Grid 3D NetCDF file...
 
 Writing Grid 3D HDF5 file...
 Grid
 
 Writing Time HDF5 file...
 Reading CMEMS_thetao.nc
 
 Read Time NetCDF file...
 Write depth
 Read Write fields
 -------------------------- MOHID -------------------------
 
 Program ConvertToHDF5 successfully terminated
 
 
 Total Elapsed Time     :           1.63   0h  0min  1s

 Total CPU time         :           1.58

 CPU usage (%)          :          96.94

 
 ----------------------------------------------------------
Downloading: CMEMS_zos.nc  for 2023-03-07
Downloading: CMEMS_cur.nc  for 2023-03-07
Downloading: CMEMS_so.nc  for 2023-03-07
Downloading: CMEMS_thetao.nc  for 2023-03-07
Downloading: CMEMS_zos.nc  for 2023-03-08
Downloading: CMEMS_cur.nc  for 2023-03-08
Downloading: CMEMS_so.nc  for 2023-03-08
Downloading: CMEMS_thetao.nc  for 2023-03-08
Downloading: CMEMS_zos.nc  for 2023-03-09
Downloading: CMEMS_cur.nc  for 2023-03-09
Downloading: CMEMS_so.nc  for 2023-03-09
Downloading: CMEMS_thetao.nc  for 2023-03-09
Downloading: CMEMS_zos.nc  for 2023-03-10
Downloading: CMEMS_cur.nc  for 2023-03-10
Downloading: CMEMS_so.nc  for 2023-03-10
Downloading: CMEMS_thetao.nc  for 2023-03-10
